    2.5050   -2.0000    5.0000    3.0050    0.0125    1.8750

    2.5050   -2.0000    5.0000    3.0050    0.0125    1.8750

   4.4178e+03

    0.8417   -2.0000    5.0000    3.0050    0.0125    1.8750

   4.4178e+03

    4.1683   -2.0000    5.0000    3.0050    0.0125    1.8750

   4.4164e+03

    4.1683   -4.0000    5.0000    3.0050    0.0125    1.8750

   4.4178e+03

    4.1683         0    5.0000    3.0050    0.0125    1.8750

   4.4166e+03

    2.5050   -4.0000    5.0000    3.0050    0.0125    1.8750

   4.4178e+03

    2.5050         0    5.0000    3.0050    0.0125    1.8750

   4.4166e+03

    4.1683   -2.0000    1.6667    3.0050    0.0125    1.8750

   4.4165e+03

    4.1683   -2.0000    8.3333    3.0050    0.0125    1.8750

   4.4164e+03

    0.8417   -4.0000    5.0000    3.0050    0.0125    1.8750

   4.4178e+03

    0.8417         0    5.0000    3.0050    0.0125    1.8750

   4.4178e+03

    2.5050         0    1.6667    3.0050    0.0125    1.8750

   4.4165e+03

    2.5050         0    8.3333    3.0050    0.0125    1.8750

   4.4166e+03

    4.1683   -2.0000    8.3333    1.0083    0.0125    1.8750

    2.5050   -2.0000    5.0000    3.0050    0.0125    1.8750

    2.5050   -2.0000    5.0000    3.0050    0.0125    1.8750

   4.4145e+03

    0.8417   -2.0000    5.0000    3.0050    0.0125    1.8750

   4.4150e+03

    4.1683   -2.0000    5.0000    3.0050    0.0125    1.8750

   4.4111e+03

    4.1683   -4.0000    5.0000    3.0050    0.0125    1.8750

   4.4149e+03

    4.1683         0    5.0000    3.0050    0.0125    1.8750

   4.4069e+03

    4.1683         0    1.6667    3.0050    0.0125    1.8750

   4.4088e+03

    4.1683         0    8.3333    3.0050    0.0125    1.8750

   4.4048e+03

    4.1683   -2.0000    8.3333    3.0050    0.0125    1.8750

   4.4101e+03

    4.1683         0    8.3333    1.0083    0.0125    1.8750

   4.3883e+03

    2.5050         0    5.0000    3.0050    0.0125    1.8750

   4.4071e+03

    4.1683   -2.0000    1.6667    3.0050    0.0125    1.8750

   4.4134e+03

    4.1683         0    8.3333    1.0083    0.0042    1.8750

   4.3883e+03

    0.8417         0    5.0000    3.0050    0.0125    1.8750

   4.4130e+03

    2.5050         0    8.3333    3.0050    0.0125    1.8750

   4.4052e+03

    2.5050         0    8.3333    1.0083    0.0125    1.8750

   4.3917e+03

    4.1683         0    8.3333    1.0083    0.0042    1.1250

   4.4021e+03

    4.1683         0    8.3333    1.0083    0.0042    2.6250

   4.3689e+03

    2.5050   -4.0000    5.0000    3.0050    0.0125    1.8750

   4.4150e+03

    0.8417         0    1.6667    3.0050    0.0125    1.8750

   4.4133e+03

    3.6139         0    8.3333    1.0083    0.0042    2.6250

   4.3703e+03

    4.7228         0    8.3333    1.0083    0.0042    2.6250

   4.3690e+03

    0.8417         0    8.3333    3.0050    0.0125    1.8750

   4.4142e+03

    0.8417         0    1.6667    1.0083    0.0125    1.8750

   4.4038e+03

    4.1683   -0.6667    8.3333    1.0083    0.0042    2.6250

   4.3730e+03

    4.1683    0.6667    8.3333    1.0083    0.0042    2.6250

   4.3706e+03

    2.5050   -4.0000    8.3333    3.0050    0.0125    1.8750

   4.4150e+03

    2.5050   -4.0000    8.3333    1.0083    0.0125    1.8750

   4.4136e+03

    2.5050   -4.0000    8.3333    5.0017    0.0125    1.8750

   4.4165e+03

    4.7228   -0.6667    8.3333    1.0083    0.0042    2.6250

   4.3712e+03

    4.7228    0.6667    8.3333    1.0083    0.0042    2.6250

   4.3715e+03

    4.1683         0    7.2222    1.0083    0.0042    2.6250

   4.3689e+03

    4.1683         0    9.4444    1.0083    0.0042    2.6250

   4.3692e+03

    2.5050   -2.0000    1.6667    3.0050    0.0125    1.8750

   4.4140e+03

    2.5050   -2.0000    1.6667    1.0083    0.0125    1.8750

   4.4095e+03

    2.5050   -2.0000    1.6667    5.0017    0.0125    1.8750

   4.4162e+03

    3.6139    0.6667    8.3333    1.0083    0.0042    2.6250

   4.3697e+03

    4.7228         0    7.2222    1.0083    0.0042    2.6250

   4.3690e+03

    4.7228         0    9.4444    1.0083    0.0042    2.6250

   4.3688e+03

    4.1683   -4.0000    1.6667    3.0050    0.0125    1.8750

   4.4146e+03

    4.7228         0    9.4444    1.0083    0.0042    2.8750

   4.3619e+03

    4.1683   -4.0000    8.3333    3.0050    0.0125    1.8750

   4.4149e+03

    4.1683         0    8.3333    1.0083    0.0042    2.8750

   4.3617e+03

    4.1683   -4.0000    1.6667    1.0083    0.0125    1.8750

   4.4129e+03

    4.1683         0    7.2222    1.0083    0.0042    2.8750

   4.3616e+03

    4.7228         0    7.2222    1.0083    0.0042    2.8750

   4.3615e+03

    4.7228         0    8.3333    1.0083    0.0042    2.8750

   4.3617e+03

    4.7228         0    7.2222    0.3428    0.0042    2.8750

   4.2701e+03

    4.7228         0    7.2222    0.3428    0.0014    2.8750

   4.2687e+03

    4.1683         0    9.4444    1.0083    0.0042    2.8750

   4.3624e+03

    4.5380         0    7.2222    0.3428    0.0014    2.8750

   4.2614e+03

    0.8417   -2.0000    1.6667    3.0050    0.0125    1.8750

   4.4150e+03

    0.8417   -2.0000    8.3333    3.0050    0.0125    1.8750

   4.4150e+03

    4.1683   -4.0000    8.3333    1.0083    0.0125    1.8750

   4.4136e+03

    4.1683   -4.0000    8.3333    5.0017    0.0125    1.8750

   4.4147e+03

    3.6139   -4.0000    1.6667    3.0050    0.0125    1.8750

   4.4150e+03

    4.7228   -4.0000    1.6667    3.0050    0.0125    1.8750

   4.4143e+03

    4.1683         0    9.4444    0.3428    0.0042    2.8750

   4.2704e+03

    4.1683         0    9.4444    1.6739    0.0042    2.8750

   4.3880e+03

    4.5380         0    7.2222    0.3428    0.0042    2.8750

   4.2642e+03

    4.9076         0    7.2222    0.3428    0.0042    2.8750

   4.2772e+03

    4.5380   -0.2222    7.2222    0.3428    0.0014    2.8750

   4.2773e+03

    4.5380    0.2222    7.2222    0.3428    0.0014    2.8750

   4.2848e+03

    0.8417   -4.0000    5.0000    3.0050    0.0125    1.8750

   4.4151e+03

    2.5050   -2.0000    8.3333    3.0050    0.0125    1.8750

   4.4148e+03

    4.1683   -4.0000    1.6667    5.0017    0.0125    1.8750

   4.4169e+03

    0.8417   -4.0000    1.6667    3.0050    0.0125    1.8750

   4.4151e+03

    0.8417   -4.0000    8.3333    3.0050    0.0125    1.8750

   4.4150e+03

    2.5050   -2.0000    8.3333    1.0083    0.0125    1.8750

   4.4136e+03

    2.5050   -2.0000    8.3333    5.0017    0.0125    1.8750

   4.4121e+03

    4.1683   -4.0000    1.6667    1.0083    0.0125    1.1250

   4.4158e+03

    4.1683   -4.0000    1.6667    1.0083    0.0125    2.6250

   4.4100e+03

    4.1683   -4.6667    1.6667    3.0050    0.0125    1.8750

   4.4150e+03

    4.1683   -3.3333    1.6667    3.0050    0.0125    1.8750

   4.4142e+03

    4.1683         0    7.2222    0.3428    0.0042    2.8750

   4.2681e+03

    4.1683         0    7.2222    1.6739    0.0042    2.8750

   4.3882e+03

    4.5380         0    7.2222    0.3428    0.0014    2.7917

   4.2703e+03

    4.5380         0    7.2222    0.3428    0.0014    2.9583

   4.2575e+03

    0.8417         0    8.3333    1.0083    0.0125    1.8750

   4.4137e+03

    0.8417         0    8.3333    5.0017    0.0125    1.8750

   4.4092e+03

    3.6139   -4.0000    1.6667    1.0083    0.0125    1.8750

   4.4135e+03

    4.7228   -4.0000    1.6667    1.0083    0.0125    1.8750

   4.4114e+03

    4.1683   -4.0000    0.5556    3.0050    0.0125    1.8750

   4.4145e+03

    4.1683   -4.0000    2.7778    3.0050    0.0125    1.8750

   4.4148e+03

    4.7228         0    8.3333    0.3428    0.0042    2.8750

   4.2690e+03

    4.7228         0    8.3333    1.6739    0.0042    2.8750

   4.3873e+03

    4.5380         0    7.2222    0.1209    0.0014    2.9583

   4.1740e+03

    4.5380         0    7.2222    0.5646    0.0014    2.9583

   4.3074e+03

    2.5050   -4.0000    1.6667    3.0050    0.0125    1.8750

   4.4151e+03

    4.1683         0    7.2222    0.3428    0.0014    2.8750

   4.2686e+03

    2.5050   -4.0000    1.6667    1.0083    0.0125    1.8750

   4.4136e+03

    2.5050   -4.0000    1.6667    5.0017    0.0125    1.8750

   4.4175e+03

    4.1683   -4.0000    1.6667    5.0017    0.0125    1.1250

   4.4179e+03

    4.1683   -4.0000    1.6667    5.0017    0.0125    2.6250

   4.4150e+03

    4.1683   -4.6667    1.6667    1.0083    0.0125    1.8750

   4.4136e+03

    4.1683   -3.3333    1.6667    1.0083    0.0125    1.8750

   4.4103e+03

    3.6139    0.6667    7.2222    1.0083    0.0042    2.6250

   4.3698e+03

    3.6139    0.6667    9.4444    1.0083    0.0042    2.6250

   4.3700e+03

    4.1683   -4.0000    1.6667    2.3394    0.0125    1.8750

   4.4136e+03

    4.1683   -4.0000    1.6667    3.6706    0.0125    1.8750

   4.4156e+03

    4.1683         0    8.3333    0.3428    0.0042    2.8750

   4.2679e+03

    4.1683         0    8.3333    1.6739    0.0042    2.8750

   4.3880e+03

    3.9835         0    7.2222    0.3428    0.0014    2.8750

   4.2726e+03

    4.3531         0    7.2222    0.3428    0.0014    2.8750

   4.2670e+03

    4.5380         0    7.2222    0.1209    0.0014    2.8750

   4.1742e+03

    4.5380         0    7.2222    0.1209    0.0005    2.9583

   4.1694e+03

    2.5050         0    1.6667    3.0050    0.0125    1.8750

   4.4101e+03

    4.1683         0    7.2222    0.3428    0.0069    2.8750

   4.2670e+03

    3.6139         0    7.2222    1.0083    0.0042    2.6250

   4.3701e+03

    3.6139         0    9.4444    1.0083    0.0042    2.6250

   4.3707e+03

    4.7228         0    9.4444    0.3428    0.0042    2.8750

   4.2684e+03

    4.1683   -0.2222    7.2222    0.3428    0.0014    2.8750

   4.2830e+03

    4.1683    0.2222    7.2222    0.3428    0.0014    2.8750

   4.2687e+03

    4.5380         0    6.8519    0.1209    0.0005    2.9583

   4.1762e+03

    4.5380         0    7.5926    0.1209    0.0005    2.9583

   4.1784e+03

    2.5050         0    1.6667    5.0017    0.0125    1.8750

   4.4123e+03

    4.7228         0    9.4444    1.6739    0.0042    2.8750

   4.3873e+03

    4.4764         0    7.2222    0.1209    0.0005    2.9583

   4.1709e+03

    4.5996         0    7.2222    0.1209    0.0005    2.9583

   4.1713e+03

    2.5050         0    1.6667    1.0083    0.0125    1.8750

   4.3917e+03

    4.5380         0    7.2222    0.1209    0.0005    2.9306

   4.1758e+03

    4.5380         0    7.2222    0.1209    0.0005    2.9861

   4.1693e+03

    2.5050         0    1.6667    5.0017    0.0125    2.6250

   4.4103e+03

    4.5380         0    7.2222    0.0470    0.0005    2.9861

   4.1287e+03

    2.5050         0    1.6667    5.0017    0.0125    1.1250

   4.4135e+03

    2.5050    0.6667    1.6667    5.0017    0.0125    2.6250

   4.4090e+03

    4.5380         0    7.2222    0.0470    0.0005    2.9583

   4.1439e+03

    4.5380         0    7.2222    0.0470    0.0002    2.9861

   4.1277e+03

    2.5050   -0.6667    1.6667    5.0017    0.0125    2.6250

   4.4129e+03

    2.5050    0.6667    1.6667    5.6672    0.0125    2.6250

   4.4096e+03

    4.5380   -0.0741    7.2222    0.0470    0.0002    2.9861

   4.1573e+03

    4.5380    0.0741    7.2222    0.0470    0.0002    2.9861

   4.1119e+03

    2.5050    0.6667    1.6667    4.3361    0.0125    2.6250

   4.4078e+03

    4.5380    0.0741    7.0988    0.0470    0.0002    2.9861

   4.1351e+03

    4.5380    0.0741    7.3457    0.0470    0.0002    2.9861

   4.1211e+03

    3.0594    0.6667    1.6667    5.6672    0.0125    2.6250

   4.4089e+03

    4.5380         0    7.0988    0.0470    0.0002    2.9861

   4.1410e+03

    4.5380         0    7.3457    0.0470    0.0002    2.9861

   4.1296e+03

    4.5380    0.0494    7.2222    0.0470    0.0002    2.9861

   4.1066e+03

    1.9506    0.6667    1.6667    5.6672    0.0125    2.6250

   4.4097e+03

    3.0594    0.6667    2.7778    5.6672    0.0125    2.6250

   4.4081e+03

    4.5380         0    7.2222    0.0470    0.0008    2.9861

   4.1379e+03

    4.5380    0.0741    7.2222    0.0470    0.0005    2.9861

   4.1289e+03

    4.5380    0.0494    7.2222    0.0470    0.0002    2.9769

   4.1047e+03

    3.0594    0.6667    0.5556    5.6672    0.0125    2.6250

   4.4099e+03

    4.5380    0.0494    7.2222    0.0716    0.0002    2.9769

   4.1413e+03

    4.5380    0.0494    7.2222    0.0716    0.0002    2.9861

   4.1488e+03

    4.5380    0.0494    7.2222    0.0470    0.0001    2.9769

   4.1106e+03

    4.5380    0.0494    7.2222    0.0470    0.0003    2.9769

   4.1147e+03

    4.5380   -0.0741    7.2222    0.0470    0.0008    2.9861

   4.1487e+03

    4.5380         0    7.0988    0.0470    0.0005    2.9861

   4.1254e+03

    4.5380         0    7.3457    0.0470    0.0005    2.9861

   4.1326e+03

    4.5380    0.0988    7.2222    0.0470    0.0005    2.9861

   4.1301e+03

    4.5380    0.0988    7.3457    0.0470    0.0002    2.9861

   4.1088e+03

    0.8417         0    5.0000    5.0017    0.0125    1.8750

   4.4122e+03

    4.5380         0    7.2222    0.1949    0.0005    2.9583

   4.2042e+03

    4.5380         0    7.2222    0.0470    0.0002    2.9583

   4.1236e+03

    4.5380   -0.0741    7.2222    0.0470    0.0002    2.9583

   4.1537e+03

    4.5380         0    7.0576    0.0470    0.0005    2.9861

   4.1374e+03

    4.5380         0    7.1399    0.0470    0.0005    2.9861

   4.1381e+03

    4.5380    0.0988    7.3868    0.0470    0.0002    2.9861

   4.1245e+03

    0.8417         0    5.0000    1.0083    0.0125    1.8750

   4.4135e+03

    4.5380         0    7.2222    0.0470    0.0002    2.9769

   4.1500e+03

    4.5380         0    7.2222    0.0470    0.0002    2.9954

   4.1348e+03

    4.5380    0.0988    7.3457    0.0470    0.0002    2.9954

   4.1299e+03

    4.5380    0.0494    7.2222    0.0552    0.0002    2.9769

   4.1229e+03

    0.8417         0    5.0000    5.0017    0.0125    2.6250

   4.4112e+03

    4.5380         0    7.3457    0.0470    0.0002    2.9583

   4.1310e+03

    4.5380    0.0741    7.2222    0.0716    0.0002    2.9861

   4.1507e+03

    4.5380    0.0988    7.3457    0.0716    0.0002    2.9861

   4.1655e+03

  Columns 1 through 4

    0.8417         0    5.0000    5.0017

  Columns 5 through 6

    0.0125    1.1250

   4.4129e+03

  Columns 1 through 4

    0.8417    0.6667    5.0000    5.0017

  Columns 5 through 6

    0.0125    2.6250

   4.4092e+03

  Columns 1 through 4

    4.5380         0    7.2222    0.1949

  Columns 5 through 6

    0.0008    2.9583

   4.2053e+03

  Columns 1 through 4

    4.5380    0.0741    7.2222    0.1949

  Columns 5 through 6

    0.0008    2.9583

   4.2203e+03

  Columns 1 through 4

    4.5380    0.0988    7.3457    0.0470

  Columns 5 through 6

    0.0003    2.9861

   4.1392e+03

  Columns 1 through 4

    4.5380    0.0494    7.2222    0.0470

  Columns 5 through 6

    0.0002    2.9799

   4.1162e+03

  Columns 1 through 4

    0.8417   -0.6667    5.0000    5.0017

  Columns 5 through 6

    0.0125    2.6250

   4.4136e+03

  Columns 1 through 4

    0.8417    0.6667    5.0000    5.6672

  Columns 5 through 6

    0.0125    2.6250

   4.4101e+03

  Columns 1 through 4

    4.5380    0.0494    7.2222    0.0470

  Columns 5 through 6

    0.0002    2.9769

   4.1039e+03

  Columns 1 through 4

    4.5380    0.0741    7.2222    0.0470

  Columns 5 through 6

    0.0005    2.9583

   4.1375e+03

  Columns 1 through 4

    4.5380         0    7.0988    0.1949

  Columns 5 through 6

    0.0008    2.9583

   4.2053e+03

  Columns 1 through 4

    4.5380         0    7.3457    0.1949

  Columns 5 through 6

    0.0008    2.9583

   4.2027e+03

  Columns 1 through 4

    4.5380    0.0494    7.2222    0.0470

  Columns 5 through 6

    0.0002    2.9738

   4.1084e+03

  Columns 1 through 4

    0.8417    0.6667    5.0000    4.3361

  Columns 5 through 6

    0.0125    2.6250

   4.4086e+03

  Columns 1 through 4

    4.5380    0.0576    7.2222    0.0470

  Columns 5 through 6

    0.0002    2.9861

   4.1083e+03

  Columns 1 through 4

    4.5380    0.0494    7.2222    0.0470

  Columns 5 through 6

    0.0001    2.9769

   4.1273e+03

  Columns 1 through 4

    4.5380   -0.0741    7.2222    0.1949

  Columns 5 through 6

    0.0005    2.9583

   4.2099e+03

  Columns 1 through 4

    4.5380    0.0576    7.2222    0.0470

  Columns 5 through 6

    0.0002    2.9892

   4.1162e+03

  Columns 1 through 4

    4.5380    0.0494    7.2085    0.0470

  Columns 5 through 6

    0.0002    2.9769

   4.1075e+03

  Columns 1 through 4

    4.5380         0    7.0988    0.0470

  Columns 5 through 6

    0.0008    2.9861

   4.1296e+03

  Columns 1 through 4

    4.5380    0.0988    7.3457    0.0470

  Columns 5 through 6

    0.0002    2.9830

   4.1314e+03

  Columns 1 through 4

    4.5380    0.0988    7.3457    0.0470

  Columns 5 through 6

    0.0002    2.9892

   4.1420e+03

    4.5380    0.0494    7.2222    0.0470    0.0002    2.9892

   4.1149e+03

    0.8417    0.6667    6.1111    5.6672    0.0125    2.6250

   4.4090e+03

    4.5380    0.0741    7.0988    0.0470    0.0005    2.9583

   4.1209e+03

    0.8417    0.6667    3.8889    5.6672    0.0125    2.6250

   4.4110e+03

    4.5380    0.0494    7.0988    0.0470    0.0005    2.9583

   4.1230e+03

    4.5380    0.0988    7.0988    0.0470    0.0005    2.9583

   4.1308e+03

    4.5380         0    7.0988    0.0716    0.0008    2.9861

   4.1556e+03

    4.5380         0    7.2222    0.0470    0.0002    2.9491

   4.1351e+03

    4.5380         0    7.3868    0.0470    0.0002    2.9861

   4.1190e+03

    4.5380         0    7.2222    0.0470    0.0005    2.9954

   4.1216e+03

    4.5380         0    7.2222    0.0716    0.0005    2.9954

   4.1483e+03

    4.5380    0.0247    7.0988    0.0470    0.0008    2.9861

   4.1164e+03

    4.5380    0.0741    7.3457    0.0470    0.0005    2.9861

   4.1150e+03

    4.5380         0    7.2222    0.0470    0.0008    2.9954

   4.1308e+03

    4.5380         0    7.0988    0.0470    0.0005    2.9583

   4.1306e+03

    4.5380         0    7.0988    0.0470    0.0008    2.9830

   4.1289e+03

    4.1683   -2.0000    1.6667    5.0017    0.0125    1.8750

   4.4161e+03

    4.5380    0.0494    7.3457    0.0470    0.0005    2.9861

   4.1213e+03

    4.5380   -0.0741    7.3457    0.0470    0.0008    2.9861

   4.1582e+03

    4.5380         0    7.0576    0.0470    0.0005    2.9583

   4.1393e+03

    4.5380         0    7.1399    0.0470    0.0005    2.9583

   4.1223e+03

    4.5380    0.0494    7.3868    0.0470    0.0005    2.9861

   4.1188e+03

    4.1683   -2.0000    1.6667    1.0083    0.0125    1.8750

   4.3947e+03

    4.5380    0.0494    7.3457    0.0470    0.0005    2.9954

   4.1076e+03

    4.1683   -2.0000    1.6667    5.0017    0.0125    2.6250

   4.4143e+03

    4.5380    0.0494    7.3457    0.0716    0.0005    2.9861

   4.1450e+03

    4.1683   -2.0000    1.6667    5.0017    0.0125    1.1250

   4.4176e+03

    4.5380    0.0988    7.2222    0.0470    0.0002    2.9861

   4.1254e+03

    4.5380    0.0741    7.2222    0.0470    0.0005    2.9769

   4.1281e+03

    4.5380    0.0988    7.2222    0.0470    0.0002    2.9954

   4.1327e+03

    4.5380    0.0494    7.3457    0.0716    0.0005    2.9954

   4.1360e+03

    4.1683   -2.0000    1.6667    5.6672    0.0125    2.6250

   4.4150e+03

    4.5380         0    7.3868    0.0470    0.0002    2.9954

   4.1305e+03

    4.5380    0.0494    7.3457    0.0470    0.0006    2.9954

   4.1142e+03

    4.1683   -2.0000    1.6667    4.3361    0.0125    2.6250

   4.4131e+03

    4.5380    0.0494    7.3457    0.0470    0.0006    2.9861

   4.1220e+03

    4.5380    0.0741    7.0576    0.0470    0.0005    2.9583

   4.1385e+03

    4.5380    0.0741    7.1399    0.0470    0.0005    2.9583

   4.1346e+03

    4.1683   -1.3333    1.6667    5.6672    0.0125    2.6250

   4.4141e+03

    4.5380    0.0741    7.3868    0.0470    0.0002    2.9861

   4.1328e+03

    4.1683   -2.6667    1.6667    5.6672    0.0125    2.6250

   4.4151e+03

    4.1683   -1.3333    2.7778    5.6672    0.0125    2.6250

   4.4129e+03

    4.5380         0    7.1399    0.0470    0.0005    2.9491

   4.1367e+03

    4.5380         0    7.1399    0.0470    0.0005    2.9676

   4.1408e+03

    4.1683   -1.3333    0.5556    5.6672    0.0125    2.6250

   4.4154e+03

    4.5380    0.0988    7.3457    0.0552    0.0002    2.9861

   4.1411e+03

    4.5380         0    7.3045    0.0470    0.0002    2.9583

   4.1324e+03

    4.5380    0.0494    7.0576    0.0470    0.0005    2.9583

   4.1160e+03

    4.5380    0.0494    7.1399    0.0470    0.0005    2.9583

   4.1222e+03

    4.5380    0.0576    7.3457    0.0470    0.0005    2.9954

   4.1208e+03

    4.5380    0.0494    7.3594    0.0470    0.0005    2.9861

   4.1098e+03

    4.5380         0    7.3868    0.0470    0.0005    2.9861

   4.1385e+03

    4.5380    0.0988    7.0988    0.0470    0.0002    2.9861

   4.1151e+03

    4.5380    0.0521    7.3457    0.0470    0.0005    2.9861

   4.1165e+03

    4.5380         0    7.3457    0.0470    0.0008    2.9861

   4.1369e+03

    4.5380         0    7.3045    0.0470    0.0008    2.9861

   4.1265e+03

    4.5380    0.0988    7.0576    0.0470    0.0002    2.9861

   4.1463e+03

    4.5380         0    7.3457    0.0470    0.0005    2.9583

   4.1411e+03

    4.5380    0.0494    7.3457    0.0470    0.0004    2.9954

   4.1177e+03

    4.5380         0    7.0988    0.0552    0.0008    2.9861

   4.1410e+03

    4.5380    0.0494    7.3594    0.0470    0.0004    2.9954

   4.1130e+03

    4.5380    0.0494    7.2176    0.0470    0.0002    2.9769

   4.1058e+03

    2.5050         0    5.0000    5.0017    0.0125    1.8750

   4.4092e+03

    2.5050         0    5.0000    1.0083    0.0125    1.8750

   4.3912e+03

    2.5050         0    5.0000    5.0017    0.0125    2.6250

   4.4078e+03

    2.5050         0    5.0000    5.0017    0.0125    1.1250

   4.4110e+03

    2.5050    0.6667    5.0000    5.0017    0.0125    2.6250

   4.4069e+03

    2.5050   -0.6667    5.0000    5.0017    0.0125    2.6250

   4.4087e+03

    2.5050    0.6667    5.0000    5.6672    0.0125    2.6250

   4.4077e+03

    2.5050    0.6667    5.0000    4.3361    0.0125    2.6250

   4.4059e+03

    3.0594    0.6667    5.0000    5.6672    0.0125    2.6250

    2.5050   -2.0000    5.0000    3.0050    0.0125    1.8750

   4.4169e+03

    0.8417   -2.0000    5.0000    3.0050    0.0125    1.8750

   4.4169e+03

    4.1683   -2.0000    5.0000    3.0050    0.0125    1.8750

   4.4157e+03

    4.1683   -4.0000    5.0000    3.0050    0.0125    1.8750

   4.4169e+03

    4.1683         0    5.0000    3.0050    0.0125    1.8750

   4.3887e+03

    0.8417   -4.0000    5.0000    3.0050    0.0125    1.8750

   4.4169e+03

    0.8417         0    5.0000    3.0050    0.0125    1.8750

   4.4169e+03

    4.1683         0    1.6667    3.0050    0.0125    1.8750

   4.3852e+03

    4.1683         0    8.3333    3.0050    0.0125    1.8750

   4.3933e+03

    2.5050         0    5.0000    3.0050    0.0125    1.8750

   4.4083e+03

    4.1683         0    1.6667    1.0083    0.0125    1.8750

   4.3804e+03

    4.1683         0    1.6667    5.0017    0.0125    1.8750

   4.3863e+03

    2.5050   -4.0000    5.0000    3.0050    0.0125    1.8750

   4.4169e+03

    2.5050   -4.0000    1.6667    3.0050    0.0125    1.8750

   4.4169e+03

    2.5050   -4.0000    8.3333    3.0050    0.0125    1.8750

   4.4168e+03

    4.1683         0    5.0000    1.0083    0.0125    1.8750

   4.3818e+03

    4.1683         0    5.0000    5.0017    0.0125    1.8750

   4.3888e+03

    4.1683         0    1.6667    1.0083    0.0042    1.8750

   4.3805e+03

    4.1683         0    1.6667    1.0083    0.0208    1.8750

   4.3807e+03

    2.5050         0    1.6667    3.0050    0.0125    1.8750

   4.3994e+03

    2.5050         0    8.3333    3.0050    0.0125    1.8750

   4.4124e+03

    4.1683         0    8.3333    1.0083    0.0125    1.8750

   4.3835e+03

    4.1683         0    8.3333    5.0017    0.0125    1.8750

   4.3927e+03

    4.1683         0    5.0000    1.0083    0.0042    1.8750

   4.3819e+03

    4.1683         0    1.6667    1.0083    0.0125    1.1250

   4.3845e+03

    4.1683         0    1.6667    1.0083    0.0125    2.6250

   4.3748e+03

    4.1683   -2.0000    1.6667    3.0050    0.0125    1.8750

   4.4147e+03

    4.1683   -2.0000    8.3333    3.0050    0.0125    1.8750

   4.4168e+03

    2.5050         0    1.6667    1.0083    0.0125    1.8750

   4.3957e+03

    2.5050         0    1.6667    5.0017    0.0125    1.8750

   4.3988e+03

    4.1683         0    1.6667    1.0083    0.0042    2.6250

   4.3748e+03

    4.1683         0    8.3333    1.0083    0.0208    1.8750

   4.3835e+03

    0.8417   -4.0000    1.6667    3.0050    0.0125    1.8750

   4.4169e+03

    0.8417   -4.0000    8.3333    3.0050    0.0125    1.8750

   4.4168e+03

    2.5050   -4.0000    5.0000    1.0083    0.0125    1.8750

   4.4168e+03

    2.5050   -4.0000    5.0000    5.0017    0.0125    1.8750

   4.4178e+03

    4.1683         0    8.3333    1.0083    0.0208    1.1250

   4.3918e+03

    4.1683         0    8.3333    1.0083    0.0208    2.6250

   4.3712e+03

    4.1683         0    8.3333    1.0083    0.0042    1.8750

   4.3833e+03

    0.8417   -2.0000    1.6667    3.0050    0.0125    1.8750

   4.4169e+03

    0.8417   -2.0000    8.3333    3.0050    0.0125    1.8750

   4.4169e+03

    2.5050         0    5.0000    1.0083    0.0125    1.8750

   4.4057e+03

    2.5050         0    5.0000    5.0017    0.0125    1.8750

   4.3984e+03

    4.1683         0    8.3333    1.0083    0.0042    2.6250

   4.3709e+03

    4.1683   -4.0000    1.6667    3.0050    0.0125    1.8750

   4.4169e+03

    4.1683   -4.0000    8.3333    3.0050    0.0125    1.8750

   4.4169e+03

    2.5050         0    8.3333    1.0083    0.0125    1.8750

   4.4122e+03

    2.5050         0    8.3333    5.0017    0.0125    1.8750

   4.4016e+03

    3.6139         0    8.3333    1.0083    0.0042    2.6250

   4.3723e+03

    4.7228         0    8.3333    1.0083    0.0042    2.6250

   4.3757e+03

    2.5050   -2.0000    1.6667    3.0050    0.0125    1.8750

   4.4169e+03

    2.5050   -2.0000    8.3333    3.0050    0.0125    1.8750

   4.4169e+03

    4.1683   -2.0000    1.6667    1.0083    0.0125    1.8750

   4.4134e+03

    4.1683   -2.0000    1.6667    5.0017    0.0125    1.8750

   4.4126e+03

    3.6139         0    8.3333    1.0083    0.0208    2.6250

   4.3725e+03

    4.7228         0    8.3333    1.0083    0.0208    2.6250

   4.3757e+03

    4.1683   -0.6667    8.3333    1.0083    0.0042    2.6250

   4.3785e+03

    4.1683    0.6667    8.3333    1.0083    0.0042    2.6250

   4.3763e+03

    0.8417         0    1.6667    3.0050    0.0125    1.8750

   4.4169e+03

    0.8417         0    8.3333    3.0050    0.0125    1.8750

   4.4169e+03

    4.1683   -2.0000    5.0000    1.0083    0.0125    1.8750

   4.4159e+03

    4.1683   -2.0000    5.0000    5.0017    0.0125    1.8750

   4.4097e+03

    3.6139         0    1.6667    1.0083    0.0042    2.6250

   4.3643e+03

    4.7228         0    1.6667    1.0083    0.0042    2.6250

   4.3756e+03

    4.1683         0    1.6667    3.0050    0.0208    1.8750

   4.3851e+03

    4.1683         0    1.6667    1.0083    0.0208    2.6250

   4.3750e+03

    4.1683   -2.0000    8.3333    1.0083    0.0125    1.8750

   4.4168e+03

    4.1683   -2.0000    8.3333    5.0017    0.0125    1.8750

   4.4103e+03

    4.1683         0    1.6667    3.0050    0.0208    1.1250

   4.3864e+03

    4.1683         0    1.6667    3.0050    0.0208    2.6250

   4.3845e+03

    3.6139         0    1.6667    1.0083    0.0208    2.6250

   4.3648e+03

    3.6139   -0.6667    1.6667    1.0083    0.0042    2.6250

   4.3766e+03

    3.6139    0.6667    1.6667    1.0083    0.0042    2.6250

   4.3759e+03

    4.1683         0    1.6667    3.0050    0.0042    1.8750

   4.3853e+03

    0.8417   -4.0000    8.3333    1.0083    0.0125    1.8750

   4.4167e+03

    0.8417   -4.0000    8.3333    5.0017    0.0125    1.8750

   4.4177e+03

    3.6139         0    1.6667    1.0083    0.0125    2.6250

   4.3645e+03

    3.6139         0    1.6667    1.0083    0.0042    2.3750

   4.3728e+03

    3.6139         0    1.6667    1.0083    0.0042    2.8750

   4.3556e+03

    2.5050   -4.0000    8.3333    1.0083    0.0125    1.8750

   4.4167e+03

    2.5050   -4.0000    8.3333    5.0017    0.0125    1.8750

   4.4177e+03

    3.6139         0    8.3333    1.0083    0.0208    1.8750

   4.3853e+03

    4.7228         0    8.3333    1.0083    0.0208    1.8750

   4.3800e+03

    3.6139         0    0.5556    1.0083    0.0042    2.8750

   4.3545e+03

    3.6139         0    2.7778    1.0083    0.0042    2.8750

   4.3567e+03

    4.1683         0    5.0000    1.0083    0.0208    1.8750

   4.3820e+03

    4.1683         0    1.6667    3.0050    0.0042    2.6250

   4.3836e+03

    0.8417   -4.0000    5.0000    1.0083    0.0125    1.8750

   4.4168e+03

    0.8417   -4.0000    5.0000    5.0017    0.0125    1.8750

   4.4178e+03

    4.1683         0    5.0000    1.0083    0.0208    1.1250

   4.3877e+03

    4.1683         0    5.0000    1.0083    0.0208    2.6250

   4.3731e+03

    3.6139         0    1.6667    1.0083    0.0125    2.8750

   4.3552e+03

    3.6139         0    0.5556    0.3428    0.0042    2.8750

   4.0335e+03

    3.6139         0    0.5556    0.3428    0.0014    2.8750

   4.0285e+03

    0.8417   -2.0000    8.3333    5.0017    0.0125    1.8750

   4.4177e+03

    4.7228         0    5.0000    1.0083    0.0208    2.6250

   4.3760e+03

    3.6139         0    5.0000    1.0083    0.0208    2.6250

   4.3682e+03

    4.7228    0.6667    5.0000    1.0083    0.0208    2.6250

   4.3759e+03

    2.5050   -2.0000    8.3333    5.0017    0.0125    1.8750

   4.4174e+03

    2.5050   -2.0000    8.3333    1.0083    0.0125    1.8750

   4.4167e+03

    4.1683   -4.0000    8.3333    5.0017    0.0125    1.8750

   4.4178e+03

    2.5050   -2.0000    8.3333    5.0017    0.0125    2.6250

   4.4164e+03

    3.6139         0    0.5556    0.3428    0.0069    2.8750

   4.0323e+03

    3.6139   -0.2222    0.5556    0.3428    0.0069    2.8750

   4.0447e+03

    3.6139    0.2222    0.5556    0.3428    0.0069    2.8750

   4.2793e+03

    3.6139         0    0.5556    0.3428    0.0042    2.7917

   4.0523e+03

    3.6139         0    0.5556    0.3428    0.0042    2.9583

   4.0272e+03

    2.5050   -2.0000    8.3333    5.0017    0.0125    1.1250

   4.4173e+03

    2.5050   -2.0000    9.4444    5.0017    0.0125    2.6250

   4.4164e+03

    3.6139         0    0.5556    0.3428    0.0069    2.9583

   4.0259e+03

    2.5050   -2.0000    7.2222    5.0017    0.0125    2.6250

   4.4164e+03

    2.5050   -2.0000    9.4444    5.6672    0.0125    2.6250

   4.4167e+03

    3.6139    0.2222    0.5556    0.3428    0.0042    2.8750

   4.2762e+03

    2.5050   -2.0000    9.4444    4.3361    0.0125    2.6250

   4.4160e+03

    3.6139         0    0.5556    0.1209    0.0069    2.9583

   3.6763e+03

    3.6139         0    0.5556    0.1209    0.0060    2.9583

   3.6904e+03

    3.6139         0    0.5556    0.1209    0.0079    2.9583

   3.6855e+03

    0.8417   -2.0000    1.6667    5.0017    0.0125    1.8750

   4.4179e+03

    3.6139         0    0.5556    0.5646    0.0069    2.9583

   4.2280e+03

    0.8417   -2.0000    1.6667    1.0083    0.0125    1.8750

   4.4168e+03

    3.6139   -0.2222    0.5556    0.3428    0.0042    2.8750

   4.0529e+03

    3.6139    0.2222    0.5556    0.3428    0.0042    2.7917

   4.2730e+03

    3.6139         0    0.5556    0.1209    0.0042    2.9583

   3.6904e+03

    3.6139         0    0.5556    0.1209    0.0032    2.9583

   3.6733e+03

    0.8417   -2.0000    1.6667    5.0017    0.0125    2.6250

   4.4165e+03

    3.6139   -0.2222    0.5556    0.3428    0.0042    2.7917

   4.0635e+03

    0.8417   -2.0000    1.6667    5.0017    0.0125    1.1250

   4.4189e+03

    0.8417   -2.0000    1.6667    5.6672    0.0125    2.6250

   4.4169e+03

    0.8417   -2.0000    1.6667    4.3361    0.0125    2.6250

   4.4160e+03

    3.6139   -0.2222    0.5556    0.5646    0.0042    2.7917

   4.2636e+03

    1.3961   -2.0000    1.6667    5.6672    0.0125    2.6250

   4.4169e+03

    3.6139         0    0.5556    0.1209    0.0029    2.9583

   3.6880e+03

    3.6139         0    0.5556    0.1209    0.0035    2.9583

   3.6909e+03

    0.8417   -2.0000    5.0000    5.0017    0.0125    1.8750

   4.4178e+03

    3.6139    0.2222    0.5556    0.5646    0.0042    2.7917

   4.3508e+03

    0.8417   -2.0000    5.0000    1.0083    0.0125    1.8750

   4.4167e+03

    0.8417   -2.0000    5.0000    5.0017    0.0125    2.6250

   4.4164e+03

    3.6139   -0.2222    0.5556    0.3428    0.0042    2.9583

   4.0315e+03

    3.6139         0    0.5556    0.5646    0.0042    2.8750

   4.2357e+03

    0.8417   -2.0000    5.0000    5.0017    0.0125    1.1250

   4.4185e+03

    0.8417   -2.0000    5.0000    5.6672    0.0125    2.6250

   4.4169e+03

    3.6139   -0.2222    0.5556    0.3428    0.0069    2.9583

   4.0390e+03

    3.6139         0    0.5556    0.1209    0.0073    2.9583

   3.6908e+03

    0.8417   -2.0000    5.0000    4.3361    0.0125    2.6250

   4.4160e+03

    3.6139   -0.2222    0.5556    0.5646    0.0069    2.9583

   4.2432e+03

    1.3961   -2.0000    5.0000    5.6672    0.0125    2.6250

   4.4168e+03

    3.6139         0    0.5556    0.1209    0.0066    2.9583

   3.6807e+03

    3.6139         0    0.5556    0.1209    0.0079    2.9306

   3.6780e+03

    0.2872   -2.0000    5.0000    5.6672    0.0125    2.6250

   4.4169e+03

    1.3961   -1.3333    5.0000    5.6672    0.0125    2.6250

   4.4169e+03

    3.6139         0    0.5556    0.1209    0.0031    2.9583

   3.6898e+03

    3.6139         0    0.5556    0.1209    0.0069    2.9491

   3.6783e+03

    3.6139         0    0.5556    0.1291    0.0032    2.9583

   3.7037e+03

    3.6139         0    0.5556    0.1209    0.0082    2.9306

   3.6967e+03

    3.6139         0    0.5556    0.1209    0.0051    2.9583

   3.6746e+03

    3.6139         0    0.5556    0.1209    0.0060    2.9306

   3.6823e+03

    3.6139         0    0.5556    0.1209    0.0060    2.9861

   3.6953e+03

    4.1683   -4.0000    5.0000    5.0017    0.0125    1.8750

   4.4177e+03

    3.6139         0    0.5556    0.1209    0.0031    2.9614

   3.7061e+03

    4.1683   -4.0000    5.0000    1.0083    0.0125    1.8750

   4.4168e+03

    4.1683   -4.0000    5.0000    5.0017    0.0125    2.6250

   4.4164e+03

    3.6139   -0.2222    0.1852    0.3428    0.0042    2.9583

   4.0287e+03

    3.6139         0    0.5556    0.1209    0.0063    2.9306

   3.6972e+03

    4.1683   -4.0000    5.0000    5.0017    0.0125    1.1250

   4.4182e+03

    3.6139         0    0.5556    0.1209    0.0076    2.9306

   3.6937e+03

    3.6139         0    0.4321    0.1209    0.0060    2.9861

   3.6803e+03

    3.6139         0    0.6790    0.1209    0.0060    2.9861

   3.6873e+03

    3.6139   -0.0741    0.5556    0.1209    0.0079    2.9306

   3.6537e+03

    3.6139    0.0741    0.5556    0.1209    0.0079    2.9306

   3.7858e+03

    4.1683   -4.0000    5.0000    5.6672    0.0125    2.6250

   4.4169e+03

    3.6139   -0.2222    0.5556    0.3428    0.0069    2.7917

   4.0742e+03

    3.6139         0    0.1852    0.3428    0.0069    2.8750

   4.0450e+03

    3.6139         0    0.4321    0.1209    0.0051    2.9583

   3.6989e+03

    3.6139         0    0.6790    0.1209    0.0051    2.9583

   3.6694e+03

    3.6139   -0.0494    0.5556    0.1209    0.0079    2.9306

   3.6568e+03

    4.1683   -4.0000    5.0000    4.3361    0.0125    2.6250

   4.4160e+03

    3.6139         0    0.9259    0.3428    0.0069    2.8750

   4.0385e+03

    3.6139         0    0.1852    0.1209    0.0069    2.8750

   3.7020e+03

    3.6139         0    0.9259    0.5646    0.0069    2.8750

   4.2395e+03

    3.6139         0    0.1852    0.1209    0.0060    2.8750

   3.6960e+03

    4.1683   -3.3333    5.0000    5.6672    0.0125    2.6250

   4.4163e+03

    3.6139   -0.2222    0.9259    0.3428    0.0069    2.7917

   4.0814e+03

    3.6139         0    0.6790    0.1209    0.0048    2.9583

   3.6969e+03

    3.6139         0    0.6790    0.1209    0.0054    2.9583

   3.6743e+03

    3.6139   -0.0741    0.5556    0.0963    0.0079    2.9306

   3.6240e+03

    3.6139   -0.2222    0.1852    0.1209    0.0042    2.9583

   3.6490e+03

    3.6139    0.2222    0.1852    0.3428    0.0042    2.8750

   4.2883e+03

    3.6139         0    0.0617    0.1209    0.0060    2.8750

   3.7139e+03

    3.6139         0    0.4321    0.0470    0.0060    2.9861

   3.5949e+03

    3.6139         0    0.4321    0.1949    0.0060    2.9861

   3.7867e+03

    3.6139   -0.2222    0.1852    0.1209    0.0032    2.9583

   3.6521e+03

    3.6139   -0.2222    0.1852    0.3428    0.0042    2.8750

   4.0431e+03

    3.6139         0    0.4321    0.0470    0.0057    2.9861

   3.5936e+03

    3.6139   -0.2222    0.1852    0.1209    0.0051    2.9583

   3.6647e+03

    3.6139   -0.0741    0.4321    0.0470    0.0057    2.9861

   3.5985e+03

    3.6139    0.0741    0.4321    0.0470    0.0057    2.9861

   3.6955e+03

    3.6139   -0.2963    0.1852    0.1209    0.0032    2.9583

   3.6890e+03

    3.6139         0    0.4321    0.0470    0.0057    2.9769

   3.6203e+03

    3.6139         0    0.4321    0.0470    0.0057    2.9954

   3.5861e+03

    3.6139         0    0.4321    0.0470    0.0063    2.9861

   3.6001e+03

    3.5523         0    0.4321    0.0470    0.0063    2.9861

   3.5839e+03

    2.5050   -2.0000    5.0000    3.0050    0.0125    1.8750

   42.6788

    0.8417   -2.0000    5.0000    3.0050    0.0125    1.8750

   42.7469

    4.1683   -2.0000    5.0000    3.0050    0.0125    1.8750

   41.9547

    4.1683   -4.0000    5.0000    3.0050    0.0125    1.8750

   42.3227

    4.1683         0    5.0000    3.0050    0.0125    1.8750

   71.1073

    2.5050   -4.0000    5.0000    3.0050    0.0125    1.8750

   42.6126

    2.5050         0    5.0000    3.0050    0.0125    1.8750

   75.3489

    4.1683   -2.0000    1.6667    3.0050    0.0125    1.8750

  117.5555

    4.1683   -2.0000    8.3333    3.0050    0.0125    1.8750

   42.4480

    0.8417   -4.0000    5.0000    3.0050    0.0125    1.8750

   42.9839

    4.1683   -4.0000    8.3333    3.0050    0.0125    1.8750

   42.1978

    4.1683   -2.0000    5.0000    1.0083    0.0125    1.8750

  205.8250

    4.1683   -2.0000    5.0000    5.0017    0.0125    1.8750

  195.6134

    2.5050   -4.0000    1.6667    3.0050    0.0125    1.8750

   42.7313

    2.5050   -4.0000    8.3333    3.0050    0.0125    1.8750

   42.7787

    4.1683   -2.0000    5.0000    3.0050    0.0042    1.8750

   41.1863

    2.5050   -2.0000    1.6667    3.0050    0.0125    1.8750

   42.2446

    2.5050   -2.0000    8.3333    3.0050    0.0125    1.8750

   42.8159

    4.1683   -4.0000    8.3333    1.0083    0.0125    1.8750

   29.6084

    4.1683   -4.0000    8.3333    5.0017    0.0125    1.8750

  201.3618

    0.8417   -2.0000    1.6667    3.0050    0.0125    1.8750

   42.3883

    0.8417   -2.0000    8.3333    3.0050    0.0125    1.8750

   43.0794

    2.5050   -2.0000    1.6667    1.0083    0.0125    1.8750

   30.6532

    2.5050   -2.0000    1.6667    5.0017    0.0125    1.8750

  202.3934

    4.1683   -4.0000    8.3333    1.0083    0.0042    1.8750

   32.1188

    4.1683   -4.0000    8.3333    1.0083    0.0208    1.8750

   29.9794

    0.8417   -4.0000    1.6667    3.0050    0.0125    1.8750

   42.7983

    0.8417   -4.0000    8.3333    3.0050    0.0125    1.8750

   42.8079

    4.1683   -4.0000    5.0000    1.0083    0.0125    1.8750

   30.0864

    4.1683   -4.0000    5.0000    5.0017    0.0125    1.8750

  201.2735

    0.8417         0    5.0000    3.0050    0.0125    1.8750

   42.9892

    0.8417         0    1.6667    3.0050    0.0125    1.8750

   42.8574

    0.8417         0    8.3333    3.0050    0.0125    1.8750

   43.0035

    0.8417   -2.0000    1.6667    1.0083    0.0125    1.8750

   28.6382

    0.8417   -2.0000    1.6667    5.0017    0.0125    1.8750

  202.6966

    4.1683         0    1.6667    3.0050    0.0125    1.8750

   70.3858

    4.1683         0    8.3333    3.0050    0.0125    1.8750

   71.9487

    4.1683   -2.0000    8.3333    1.0083    0.0125    1.8750

   33.2721

    4.1683   -2.0000    8.3333    5.0017    0.0125    1.8750

  197.9905

    0.8417   -2.0000    1.6667    1.0083    0.0042    1.8750

   27.0622

    2.5050         0    1.6667    3.0050    0.0125    1.8750

   76.2705

    2.5050         0    8.3333    3.0050    0.0125    1.8750

   34.7766

    4.1683   -4.0000    5.0000    1.0083    0.0042    1.8750

   30.2733

    0.8417   -2.0000    1.6667    1.0083    0.0042    1.1250

  217.8491

    0.8417   -2.0000    1.6667    1.0083    0.0042    2.6250

   24.2321

    2.5050         0    8.3333    1.0083    0.0125    1.8750

   43.7833

    2.5050         0    8.3333    5.0017    0.0125    1.8750

  200.0741

    0.8417   -2.0000    1.6667    1.0083    0.0125    2.6250

   23.9383

    2.5050   -2.0000    1.6667    1.0083    0.0042    1.8750

   29.7770

    2.5050   -4.0000    5.0000    1.0083    0.0125    1.8750

   29.2586

    2.5050   -4.0000    5.0000    5.0017    0.0125    1.8750

  201.9240

    2.5050   -2.0000    1.6667    1.0083    0.0042    1.1250

  219.7191

    2.5050   -2.0000    1.6667    1.0083    0.0042    2.6250

   24.9248

    0.8417   -2.0000    1.6667    1.0083    0.0125    2.3750

    4.9184

    0.8417   -2.0000    1.6667    1.0083    0.0125    2.8750

   63.5462

    2.5050   -2.0000    1.6667    1.0083    0.0208    1.8750

   29.0518

    2.5050   -2.0000    5.0000    1.0083    0.0125    1.8750

   30.6214

    2.5050   -2.0000    5.0000    5.0017    0.0125    1.8750

  201.7839

    0.8417   -2.0000    1.6667    1.0083    0.0042    2.3750

    4.7838

    2.5050   -4.0000    5.0000    1.0083    0.0208    1.8750

   29.4503

    2.5050   -2.0000    1.6667    1.0083    0.0208    2.6250

   23.9258

    2.5050   -4.0000    1.6667    1.0083    0.0125    1.8750

   27.8703

    2.5050   -4.0000    1.6667    5.0017    0.0125    1.8750

  202.4520

    2.5050   -4.0000    5.0000    1.0083    0.0208    1.1250

  218.4488

    2.5050   -4.0000    5.0000    1.0083    0.0208    2.6250

   23.4214

    0.2872   -2.0000    1.6667    1.0083    0.0042    2.3750

    4.7736

    1.3961   -2.0000    1.6667    1.0083    0.0042    2.3750

    4.7958

    2.5050   -4.0000    5.0000    1.0083    0.0042    1.8750

   29.7880

    0.8417   -2.0000    5.0000    1.0083    0.0125    1.8750

   30.0098

    0.8417   -2.0000    5.0000    5.0017    0.0125    1.8750

  201.7432

    0.2872   -2.0000    1.6667    1.0083    0.0125    2.3750

    4.6715

    1.3961   -2.0000    1.6667    1.0083    0.0125    2.3750

    5.1281

    2.5050   -4.0000    1.6667    1.0083    0.0208    1.8750

   28.2983

    2.5050   -4.0000    5.0000    1.0083    0.0042    2.6250

   23.2803

    2.5050   -4.0000    8.3333    1.0083    0.0125    1.8750

   31.0331

    2.5050   -4.0000    8.3333    5.0017    0.0125    1.8750

  201.7169

    2.5050   -4.0000    1.6667    1.0083    0.0208    1.1250

  215.8709

    2.5050   -4.0000    1.6667    1.0083    0.0208    2.6250

   23.4044

    2.5050   -4.0000    5.0000    1.0083    0.0042    2.3750

    5.2962

    2.5050   -4.0000    5.0000    1.0083    0.0042    2.8750

   59.6523

    0.2872   -2.6667    1.6667    1.0083    0.0125    2.3750

    4.5474

    0.2872   -1.3333    1.6667    1.0083    0.0125    2.3750

    4.6115

    2.5050   -4.0000    1.6667    1.0083    0.0042    1.8750

   29.4413

    0.8417   -4.0000    1.6667    1.0083    0.0125    1.8750

   26.7412

    0.8417   -4.0000    1.6667    5.0017    0.0125    1.8750

  202.7093

    1.9506   -4.0000    5.0000    1.0083    0.0042    2.3750

    5.1337

    3.0594   -4.0000    5.0000    1.0083    0.0042    2.3750

    5.0898

    0.2872   -2.6667    1.6667    1.0083    0.0042    2.3750

    4.7494

    0.2872   -1.3333    1.6667    1.0083    0.0042    2.3750

    4.5069

    2.5050   -4.0000    1.6667    1.0083    0.0042    2.6250

   22.8155

    0.8417   -4.0000    8.3333    1.0083    0.0125    1.8750

   31.8246

    0.8417   -4.0000    8.3333    5.0017    0.0125    1.8750

  201.8723

    2.5050   -4.0000    1.6667    1.0083    0.0042    2.8750

   59.7482

    1.9506   -4.0000    5.0000    1.0083    0.0042    2.6250

   22.5403

    3.0594   -4.0000    5.0000    1.0083    0.0042    2.6250

   23.0631

    0.8417   -2.6667    1.6667    1.0083    0.0042    2.3750

    4.8220

    0.8417   -1.3333    1.6667    1.0083    0.0042    2.3750

    4.8210

    0.2872   -1.3333    0.5556    1.0083    0.0042    2.3750

    4.3818

    0.2872   -1.3333    2.7778    1.0083    0.0042    2.3750

    5.2040

    0.8417   -4.0000    1.6667    1.0083    0.0208    1.8750

   27.3892

    2.5050   -4.0000    1.6667    1.0083    0.0042    2.3750

    4.7087

    2.5050   -2.0000    8.3333    1.0083    0.0125    1.8750

   31.2343

    2.5050   -2.0000    8.3333    5.0017    0.0125    1.8750

  201.3657

    0.8417   -4.0000    1.6667    1.0083    0.0208    1.1250

  217.3026

    0.8417   -4.0000    1.6667    1.0083    0.0208    2.6250

   22.8933

    1.9506   -4.0000    1.6667    1.0083    0.0042    2.3750

    4.8193

    3.0594   -4.0000    1.6667    1.0083    0.0042    2.3750

    4.7819

    0.2872   -2.6667    0.5556    1.0083    0.0125    2.3750

    4.5897

    0.2872   -2.6667    2.7778    1.0083    0.0125    2.3750

    4.6364

    0.2872   -1.3333    0.5556    0.3428    0.0042    2.3750

    4.9578

    0.2872   -1.3333    0.5556    1.6739    0.0042    2.3750

    4.2630

    0.8417   -4.0000    1.6667    1.0083    0.0042    1.8750

   30.7059

    0.8417         0    1.6667    1.0083    0.0125    1.8750

   31.2720

    0.8417         0    1.6667    5.0017    0.0125    1.8750

  203.4300

    1.9506   -4.0000    1.6667    1.0083    0.0042    2.6250

   23.6976

    3.0594   -4.0000    1.6667    1.0083    0.0042    2.6250

   24.0496

    3.0594   -4.6667    1.6667    1.0083    0.0042    2.3750

    4.5813

    3.0594   -3.3333    1.6667    1.0083    0.0042    2.3750

    4.9726

    0.2872   -1.3333    1.6667    0.3428    0.0042    2.3750

    4.8231

    0.2872   -1.3333    1.6667    1.6739    0.0042    2.3750

    4.7160

    0.2872   -1.3333    0.5556    1.6739    0.0014    2.3750

    4.4127

    0.2872   -1.3333    0.5556    1.6739    0.0069    2.3750

    4.3730

    0.8417   -4.0000    1.6667    1.0083    0.0042    2.6250

   22.6845

    0.8417   -4.0000    5.0000    1.0083    0.0125    1.8750

   27.7336

    0.8417   -4.0000    5.0000    5.0017    0.0125    1.8750

  201.9161

    0.8417   -4.0000    1.6667    1.0083    0.0042    2.8750

   62.3573

    1.3961   -2.6667    1.6667    1.0083    0.0042    2.3750

    4.7294

    1.3961   -1.3333    1.6667    1.0083    0.0042    2.3750

    5.3074

    3.0594   -4.6667    0.5556    1.0083    0.0042    2.3750

    4.6573

    3.0594   -4.6667    2.7778    1.0083    0.0042    2.3750

    4.7533

    0.2872   -2.6667    1.6667    0.3428    0.0125    2.3750

    5.0452

    0.2872   -2.6667    1.6667    1.6739    0.0125    2.3750

    4.5295

    0.2872   -1.3333    0.5556    1.0083    0.0014    2.3750

    4.2324

    0.8417         0    8.3333    1.0083    0.0125    1.8750

   32.6682

    0.8417         0    8.3333    5.0017    0.0125    1.8750

  201.3760

    1.3961   -4.0000    1.6667    1.0083    0.0042    2.6250

   24.6578

    1.9506   -4.6667    1.6667    1.0083    0.0042    2.3750

    4.6007

    1.9506   -3.3333    1.6667    1.0083    0.0042    2.3750

    5.0762

    3.0594   -4.6667    1.6667    0.3428    0.0042    2.3750

    4.7662

    3.0594   -4.6667    1.6667    1.6739    0.0042    2.3750

    4.5719

    0.2872   -1.5556    0.5556    1.0083    0.0014    2.3750

    4.5081

    0.2872   -1.1111    0.5556    1.0083    0.0014    2.3750

    4.3551

    0.8417   -4.0000    5.0000    1.0083    0.0208    1.8750

   31.1189

    0.8417   -2.0000    8.3333    1.0083    0.0125    1.8750

   30.5609

    0.8417   -2.0000    8.3333    5.0017    0.0125    1.8750

  201.7181

    0.8417   -4.0000    5.0000    1.0083    0.0208    1.1250

  218.5612

    0.8417   -4.0000    5.0000    1.0083    0.0208    2.6250

   23.2457

    0.8417   -2.6667    1.6667    1.0083    0.0125    2.3750

    4.6089

    0.8417   -1.3333    1.6667    1.0083    0.0125    2.3750

    4.6478

    1.9506   -4.6667    0.5556    1.0083    0.0042    2.3750

    4.4814

    1.9506   -4.6667    2.7778    1.0083    0.0042    2.3750

    4.7690

    0.1024   -1.3333    0.5556    1.0083    0.0014    2.3750

    4.7722

    0.4720   -1.3333    0.5556    1.0083    0.0014    2.3750

    4.4886

    0.8417   -4.0000    5.0000    1.0083    0.0042    1.8750

   31.1248

    0.8417         0    5.0000    1.0083    0.0125    1.8750

   32.4680

    0.8417         0    5.0000    5.0017    0.0125    1.8750

  201.6190

    2.5050   -2.0000    1.6667    1.0083    0.0208    2.3750

    5.2061

    2.5050   -2.0000    1.6667    1.0083    0.0208    2.8750

   63.5476

    3.0594   -4.6667    5.0000    1.0083    0.0042    2.3750

    5.0434

    3.0594   -3.3333    5.0000    1.0083    0.0042    2.3750

    5.2793

    0.8417   -2.6667    0.5556    1.0083    0.0125    2.3750

    4.6065

    0.8417   -2.6667    2.7778    1.0083    0.0125    2.3750

    4.5446

    1.9506   -4.6667    0.5556    0.3428    0.0042    2.3750

    5.1340

    1.9506   -4.6667    0.5556    1.6739    0.0042    2.3750

    4.7612

    0.2872   -1.3333    0.1852    1.0083    0.0014    2.3750

    5.3114

    0.2872   -1.3333    0.9259    1.0083    0.0014    2.3750

    4.6723

    4.1683   -4.0000    1.6667    3.0050    0.0125    1.8750

   42.0219

    0.8417   -4.0000    5.0000    1.0083    0.0042    2.6250

   22.9539

    4.1683   -4.0000    1.6667    1.0083    0.0125    1.8750

   28.6597

    4.1683   -4.0000    1.6667    5.0017    0.0125    1.8750

  202.1729

    0.8417   -4.0000    5.0000    1.0083    0.0042    2.8750

   61.2369

    1.3961   -2.6667    1.6667    1.0083    0.0125    2.3750

    4.8838

    1.3961   -1.3333    1.6667    1.0083    0.0125    2.3750

    4.9912

    0.2872   -1.3333    2.7778    1.0083    0.0125    2.3750

    4.6518

    0.8417   -2.6667    2.7778    0.3428    0.0125    2.3750

    4.6863

    0.8417   -2.6667    2.7778    1.6739    0.0125    2.3750

    5.1492

    1.9506   -4.6667    0.5556    1.0083    0.0014    2.3750

    4.7873

    1.9506   -4.6667    0.5556    1.0083    0.0069    2.3750

    4.4487

    0.2872   -1.3333    0.5556    0.7865    0.0014    2.3750

    5.2208

    0.2872   -1.3333    0.5556    1.2302    0.0014    2.3750

    4.4325

    4.1683         0    1.6667    1.0083    0.0125    1.8750

  114.6505

    4.1683         0    1.6667    5.0017    0.0125    1.8750

  199.8449

    1.3961   -4.0000    5.0000    1.0083    0.0042    2.6250

   24.4045

    1.9506   -4.6667    5.0000    1.0083    0.0042    2.3750

    5.0519

    1.9506   -3.3333    5.0000    1.0083    0.0042    2.3750

    4.9063

    0.8417   -1.3333    0.5556    1.0083    0.0125    2.3750

    4.4618

    0.8417   -1.3333    2.7778    1.0083    0.0125    2.3750

    5.1936

    0.2872   -1.3333    0.5556    1.0083    0.0005    2.3750

    4.4101

    0.2872   -1.3333    0.5556    1.0083    0.0023    2.3750

    4.6929

    4.1683   -4.0000    1.6667    1.0083    0.0208    1.8750

   27.1854

    0.8417   -4.0000    1.6667    1.0083    0.0125    2.6250

   23.7904

    4.1683         0    5.0000    1.0083    0.0125    1.8750

  138.9872

    4.1683         0    5.0000    5.0017    0.0125    1.8750

  199.8018

    4.1683   -4.0000    1.6667    1.0083    0.0208    1.1250

  216.5064

    4.1683   -4.0000    1.6667    1.0083    0.0208    2.6250

   24.8003

    0.8417   -4.0000    1.6667    1.0083    0.0125    2.3750

    4.7184

    0.2872   -2.0000    0.5556    1.0083    0.0125    2.3750

    4.5246

    0.2872   -2.0000    2.7778    1.0083    0.0125    2.3750

    4.8015

    0.8417   -1.3333    0.5556    0.3428    0.0125    2.3750

    4.8523

    0.2872   -1.1111    0.5556    1.6739    0.0069    2.3750

    4.2531

    0.2872   -1.3333    0.5556    1.0083    0.0014    2.2917

    2.2919

    4.1683   -4.0000    1.6667    1.0083    0.0042    1.8750

   28.6629

    4.1683         0    8.3333    1.0083    0.0125    1.8750

  382.3251

    4.1683         0    8.3333    5.0017    0.0125    1.8750

  199.7398

    0.2872   -4.0000    1.6667    1.0083    0.0125    2.3750

    4.8425

    0.2872   -2.0000    0.5556    0.3428    0.0125    2.3750

    4.6024

    0.8417   -1.3333    0.5556    1.0083    0.0153    2.3750

    4.7569

    0.2872   -1.5556    0.5556    1.0083    0.0042    2.3750

    4.4847

    0.2872   -1.1111    0.5556    1.0083    0.0042    2.3750

    5.0082

    0.1024   -1.1111    0.5556    1.6739    0.0069    2.3750

    4.2530

    0.2872   -1.2593    0.5556    1.0083    0.0014    2.2917

    2.3741

    4.1683   -4.0000    1.6667    1.0083    0.0042    2.6250

   24.5308

    2.5050         0    5.0000    1.0083    0.0125    1.8750

   2.4919e+03

    2.5050         0    5.0000    5.0017    0.0125    1.8750

  199.6627

    3.6139   -4.0000    1.6667    1.0083    0.0042    2.6250

   23.5203

    4.7228   -4.0000    1.6667    1.0083    0.0042    2.6250

   24.1013

    0.8417   -4.6667    1.6667    1.0083    0.0125    2.3750

    4.5585

    0.8417   -3.3333    1.6667    1.0083    0.0125    2.3750

    4.5399

    0.2872   -1.1111    0.5556    1.6739    0.0014    2.3750

    4.4543

    0.1024   -1.3333    0.5556    1.6739    0.0042    2.3750

    4.1974

    0.2872   -1.3333    0.5556    0.9344    0.0014    2.2917

    2.8113

    0.2872   -1.3333    0.5556    1.0823    0.0014    2.2917

    2.6478

    0.8417   -2.0000    5.0000    1.0083    0.0208    1.8750

   29.0495

    2.5050         0    1.6667    1.0083    0.0125    1.8750

   2.9593e+03

    2.5050         0    1.6667    5.0017    0.0125    1.8750

  199.3510

    0.8417   -2.0000    5.0000    1.0083    0.0208    1.1250

  218.5744

    0.8417   -2.0000    5.0000    1.0083    0.0208    2.6250

   22.7451

    4.1683   -4.0000    1.6667    1.0083    0.0042    2.3750

    5.3783

    4.1683   -4.0000    1.6667    1.0083    0.0042    2.8750

   64.6791

    0.2872   -4.6667    1.6667    1.0083    0.0125    2.3750

    4.9785

    0.2872   -3.3333    1.6667    1.0083    0.0125    2.3750

    4.8029

    0.8417   -3.3333    0.5556    1.0083    0.0125    2.3750

    4.2244

    0.8417   -3.3333    2.7778    1.0083    0.0125    2.3750

    4.6168

    0.1024   -1.3333    0.1852    1.6739    0.0042    2.3750

    4.2175

    0.2872   -1.2593    0.5556    1.0823    0.0014    2.2917

    2.9517

    0.2256   -1.3333    0.5556    1.0083    0.0014    2.2917

    2.8253

    0.3488   -1.3333    0.5556    1.0083    0.0014    2.2917

    2.9648

    0.8417   -2.0000    5.0000    1.0083    0.0042    1.8750

   30.4942

    4.1683   -2.0000    1.6667    1.0083    0.0125    1.8750

   7.9666e+03

    4.1683   -2.0000    1.6667    5.0017    0.0125    1.8750

  195.5890

    0.2872   -4.0000    1.6667    1.0083    0.0125    2.6250

   25.5083

    1.9506   -2.0000    1.6667    1.0083    0.0208    2.3750

    5.0560

    0.8417   -4.6667    0.5556    1.0083    0.0125    2.3750

    4.3209

    0.8417   -4.6667    2.7778    1.0083    0.0125    2.3750

    4.7996

    0.8417   -3.3333    0.5556    0.3428    0.0125    2.3750

    4.7499

    0.8417   -3.3333    0.5556    1.6739    0.0125    2.3750

    4.6171

    0.1024   -1.3333    0.5556    1.4520    0.0042    2.3750

    4.4289

    0.1024   -1.3333    0.5556    1.8957    0.0042    2.3750

    4.1874

    0.2256   -1.2593    0.5556    1.0083    0.0014    2.2917

    2.2014

    0.3488   -1.2593    0.5556    1.0083    0.0014    2.2917

    2.6099

    0.8417   -2.0000    5.0000    1.0083    0.0042    2.6250

   22.4740

    0.8417   -2.0000    5.0000    1.0083    0.0042    2.3750

    5.3917

    0.8417   -2.0000    5.0000    1.0083    0.0042    2.8750

   64.7847

    2.5050   -4.6667    5.0000    1.0083    0.0042    2.3750

    4.9904

    2.5050   -3.3333    5.0000    1.0083    0.0042    2.3750

    5.1033

    0.8417   -4.0000    0.5556    1.0083    0.0125    2.3750

    4.5729

    0.8417   -4.0000    2.7778    1.0083    0.0125    2.3750

    4.7681

    0.8417   -4.6667    0.5556    0.3428    0.0125    2.3750

    4.6995

    0.8417   -4.6667    0.5556    1.6739    0.0125    2.3750

    4.6195

    0.8417   -3.3333    0.5556    1.0083    0.0097    2.3750

    4.8519

    0.1024   -1.3333    0.1852    1.4520    0.0042    2.3750

    4.4691

    0.1024   -1.3333    0.1852    1.8957    0.0042    2.3750

    4.1746

    0.2256   -1.3333    0.5556    1.0823    0.0014    2.2917

    2.5243

    0.3488   -1.3333    0.5556    1.0823    0.0014    2.2917

    2.8517

    0.2256   -1.2593    0.4321    1.0083    0.0014    2.2917

    2.6311

    0.8417   -2.0000    8.3333    1.0083    0.0208    1.8750

   31.6463

    0.8417   -3.3333    0.5556    1.0083    0.0153    2.3750

    4.4596

    0.8417   -2.0000    8.3333    1.0083    0.0208    1.1250

  219.3878

    0.8417   -2.0000    8.3333    1.0083    0.0208    2.6250

   23.8265

    0.2872   -2.0000    5.0000    1.0083    0.0042    2.3750

    5.1048

    1.3961   -2.0000    5.0000    1.0083    0.0042    2.3750

    5.1068

    1.3961   -2.6667    2.7778    1.0083    0.0042    2.3750

    4.8674

    0.8417   -3.3333    1.6667    0.3428    0.0125    2.3750

    4.5567

    0.8417   -3.3333    1.6667    1.6739    0.0125    2.3750

    4.4882

    0.2256   -1.3333    0.5556    0.9344    0.0014    2.2917

    2.9175

    0.3488   -1.3333    0.5556    0.9344    0.0014    2.2917

    2.5725

    0.2256   -1.2593    0.5556    1.0083    0.0017    2.2917

    2.5411

    0.8417   -2.0000    8.3333    1.0083    0.0042    1.8750

   32.0787

    0.8417   -4.6667    0.5556    1.0083    0.0153    2.3750

    4.3007

    0.2872   -2.0000    5.0000    1.0083    0.0042    2.6250

   22.4449

    1.3961   -2.0000    5.0000    1.0083    0.0042    2.6250

   23.5616

    0.2872   -1.3333    5.0000    1.0083    0.0042    2.3750

    5.0161

    0.2872   -2.6667    0.5556    1.0083    0.0042    2.3750

    4.6668

    0.2872   -2.6667    2.7778    1.0083    0.0042    2.3750

    4.5778

    0.8417   -4.6667    1.6667    0.3428    0.0125    2.3750

    4.6146

    0.8417   -4.6667    1.6667    1.6739    0.0125    2.3750

    4.4891

    0.8417   -2.0000    8.3333    1.0083    0.0042    2.6250

   23.1630

    0.8417   -4.6667    0.5556    1.0083    0.0097    2.3750

    4.3763

    0.8417   -2.0000    7.2222    1.0083    0.0042    2.6250

   23.9877

    0.8417   -2.0000    9.4444    1.0083    0.0042    2.6250

   22.8178

    1.3961   -2.6667    5.0000    1.0083    0.0042    2.3750

    4.9339

    1.3961   -1.3333    5.0000    1.0083    0.0042    2.3750

    5.1735

    0.2872   -2.0000    0.5556    1.0083    0.0042    2.3750

    4.6579

    0.2872   -2.0000    2.7778    1.0083    0.0042    2.3750

    4.5692

    0.6569   -4.6667    0.5556    1.0083    0.0097    2.3750

    4.5534

    1.0265   -4.6667    0.5556    1.0083    0.0097    2.3750

    4.2678

    0.2872   -1.3333    0.5556    1.0083    0.0017    2.2917

    2.9907

    0.2256   -1.2840    0.5556    1.0083    0.0014    2.2917

    2.7161

    0.2256   -1.2346    0.5556    1.0083    0.0014    2.2917

    2.6845

    2.5050   -2.0000    5.0000    1.0083    0.0208    1.8750

   30.8444

    2.5050   -2.0000    5.0000    1.0083    0.0208    1.1250

  219.6400

    2.5050   -2.0000    5.0000    1.0083    0.0208    2.6250

   23.4806

    0.8417   -2.0000    8.3333    1.0083    0.0042    2.8750

   61.4800

    4.1683   -4.6667    1.6667    1.0083    0.0042    2.3750

    4.7110

    0.2872   -2.0000    2.7778    0.3428    0.0042    2.3750

    4.9359

    0.2872   -2.0000    2.7778    1.6739    0.0042    2.3750

    4.7019

    0.8417   -4.8889    0.5556    1.0083    0.0097    2.3750

    4.7932

    0.8417   -4.4444    0.5556    1.0083    0.0097    2.3750

    4.8970

    0.2256   -1.2593    0.5556    1.0083    0.0014    2.3009

    2.7974

    2.5050   -2.0000    5.0000    3.0050    0.0125    1.8750

   42.6331

    0.8417   -2.0000    5.0000    3.0050    0.0125    1.8750

   42.8516

    4.1683   -2.0000    5.0000    3.0050    0.0125    1.8750

   42.6316

    4.1683   -4.0000    5.0000    3.0050    0.0125    1.8750

    2.5050   -2.0000    5.0000    3.0050    0.0125    1.8750

