         0         0    2.5000    3.0500

    2.5741

   -3.3333         0    2.5000    3.0500

    2.5963

    3.3333         0    2.5000    3.0500

    3.9570

         0   -3.3333    2.5000    3.0500

    2.5726

         0    3.3333    2.5000    3.0500

    2.5726

   -3.3333   -3.3333    2.5000    3.0500

    2.5707

   -3.3333    3.3333    2.5000    3.0500

    2.6579

    3.3333   -3.3333    2.5000    3.0500

    2.4197

    3.3333    3.3333    2.5000    3.0500

         0         0    2.5000    3.0500

    2.1442

   -3.3333         0    2.5000    3.0500

    2.1647

    3.3333         0    2.5000    3.0500

    3.5938

         0   -3.3333    2.5000    3.0500

    2.1419

         0    3.3333    2.5000    3.0500

    2.1328

   -3.3333   -3.3333    2.5000    3.0500

    2.1367

   -3.3333    3.3333    2.5000    3.0500

    2.2187

         0    3.3333    0.8333    3.0500

    2.0495

         0    3.3333    4.1667    3.0500

    2.1666

    3.3333   -3.3333    2.5000    3.0500

    2.0405

    3.3333    3.3333    2.5000    3.0500

    2.5050         0    2.5000    3.0500

    2.5050         0    2.5000    3.0500

    2.5050         0    2.5000    3.0500

    0.9556

    0.8417         0    2.5000    3.0500

    1.8995

    4.1683         0    2.5000    3.0500

    6.2651

    2.5050   -3.3333    2.5000    3.0500

    2.1281

    2.5050    3.3333    2.5000    3.0500

    2.5050   -1.5000    2.5000    3.0500

    1.7265

    0.8417   -1.5000    2.5000    3.0500

    2.1259

    4.1683   -1.5000    2.5000    3.0500

    1.3298

    4.1683   -3.8333    2.5000    3.0500

    1.9448

    4.1683    0.8333    2.5000    3.0500

    7.1425

    2.5050   -3.8333    2.5000    3.0500

    2.1269

    2.5050    0.8333    2.5000    3.0500

    6.2040

    4.1683   -1.5000    0.8333    3.0500

    1.1387

    4.1683   -1.5000    4.1667    3.0500

    1.3964

    0.8417   -3.8333    2.5000    3.0500

    2.1420

    2.5050   -1.5000    0.8333    3.0500

    1.1394

    2.5050   -1.5000    4.1667    3.0500

    1.8994

    4.1683   -1.5000    0.8333    1.0833

    2.4310

    4.1683   -1.5000    0.8333    5.0167

    3.5888

    0.8417    0.8333    2.5000    3.0500

    1.0797

    0.8417    0.8333    0.8333    3.0500

    1.5848

    0.8417    0.8333    4.1667    3.0500

    1.6495

    2.5050   -1.5000    0.8333    1.0833

    1.4257

    2.5050   -1.5000    0.8333    5.0167

    0.6722

    4.1683   -3.8333    0.8333    3.0500

    1.6994

    4.1683   -3.8333    4.1667    3.0500

    2.0186

    4.1683   -1.5000    2.5000    1.0833

    1.6271

    4.1683   -1.5000    2.5000    5.0167

    1.6605

    2.5050   -1.5000    0.8333    4.3611

    0.8619

    2.5050   -1.5000    0.8333    5.6722

    2.7860

    0.8417   -1.5000    0.8333    3.0500

    2.0190

    0.8417   -1.5000    4.1667    3.0500

    2.1630

    4.1683   -1.5000    4.1667    1.0833

    1.4689

    4.1683   -1.5000    4.1667    5.0167

    0.9286

    1.9506   -1.5000    0.8333    5.0167

    1.0091

    3.0594   -1.5000    0.8333    5.0167

    1.4893

    2.5050   -3.8333    0.8333    3.0500

    2.0252

    2.5050   -3.8333    4.1667    3.0500

    2.1597

    0.8417    0.8333    2.5000    1.0833

    1.9327

    0.8417    0.8333    2.5000    5.0167

    0.9497

    3.6139   -1.5000    4.1667    5.0167

    0.5649

    4.7228   -1.5000    4.1667    5.0167

    1.7190

    0.8417   -3.8333    0.8333    3.0500

    2.0730

    0.8417   -3.8333    4.1667    3.0500

    2.1780

    0.8417    0.8333    0.8333    1.0833

    2.4745

    0.8417    0.8333    0.8333    5.0167

    2.7876

    0.8417    0.0556    2.5000    5.0167

    1.8693

    0.8417    1.6111    2.5000    5.0167

    3.1726

    3.6139   -1.5000    3.6111    5.0167

    0.5196

    3.6139   -1.5000    4.7222    5.0167

    0.6894

    2.5050    0.8333    0.8333    3.0500

    7.0982

    2.5050    0.8333    4.1667    3.0500

    2.5050   -2.0000    2.5000    3.0500

    3.3303

    0.8417    0.8333    4.1667    1.0833

    1.7191

    0.8417    0.8333    4.1667    5.0167

    1.6740

    3.6139   -1.5000    0.8333    3.0500

    1.1333

    4.7228   -1.5000    0.8333    3.0500

    1.8946

    1.9506   -1.5000    0.8333    4.3611

    1.3512

    3.0594   -1.5000    0.8333    4.3611

    0.3970

    2.5050   -2.0000    2.5000    3.0500

    2.2163

    0.8417   -2.0000    2.5000    3.0500

    2.3672

    4.1683   -2.0000    2.5000    3.0500

    1.9430

    4.1683   -4.0000    2.5000    3.0500

    2.2855

    4.1683         0    2.5000    3.0500

    0.7913

    2.5050         0    2.5000    3.0500

    1.4541

    4.1683         0    0.8333    3.0500

    2.9733

    4.1683         0    4.1667    3.0500

    1.2362

    0.8417   -4.0000    2.5000    3.0500

    2.3904

    0.8417         0    2.5000    3.0500

    2.1035

    2.5050         0    0.8333    3.0500

    0.6246

    2.5050         0    4.1667    3.0500

    1.7323

    2.5050   -4.0000    2.5000    3.0500

    2.3750

    2.5050   -4.0000    0.8333    3.0500

    2.2669

    2.5050   -4.0000    4.1667    3.0500

    2.4058

    2.5050         0    0.8333    1.0833

    1.1665

    2.5050         0    0.8333    5.0167

    1.6250

    4.1683   -2.0000    0.8333    3.0500

    1.5818

    4.1683   -2.0000    4.1667    3.0500

    2.0730

    4.1683         0    2.5000    1.0833

    1.0733

    4.1683         0    2.5000    5.0167

    2.0418

    2.5050   -0.6667    0.8333    3.0500

    1.2180

    2.5050    0.6667    0.8333    3.0500

    4.1680

    0.8417         0    0.8333    3.0500

    1.5142

    0.8417         0    4.1667    3.0500

    2.2694

    4.1683         0    4.1667    1.0833

    1.2758

    4.1683         0    4.1667    5.0167

    1.0360

    3.6139         0    2.5000    3.0500

    0.9975

    4.7228         0    2.5000    3.0500

    0.6854

    1.9506         0    0.8333    3.0500

    0.7674

    3.0594         0    0.8333    3.0500

    0.4156

    2.5050   -2.0000    0.8333    3.0500

    1.9643

    2.5050   -2.0000    4.1667    3.0500

    2.3089

    2.5050         0    2.5000    1.0833

    1.4419

    2.5050         0    2.5000    5.0167

    0.8184

    4.7228   -0.6667    2.5000    3.0500

    1.2282

    4.7228    0.6667    2.5000    3.0500

    5.5915

    3.0594         0    0.2778    3.0500

    2.2410

    3.0594         0    1.3889    3.0500

    0.6791

    4.1683   -4.0000    0.8333    3.0500

    2.1230

    4.1683   -4.0000    4.1667    3.0500

    2.3478

    2.5050   -4.0000    2.5000    1.0833

    2.3652

    2.5050   -4.0000    2.5000    5.0167

    2.3821

    2.5050   -0.6667    2.5000    5.0167

    1.6968

    2.5050    0.6667    2.5000    5.0167

    2.0913

    4.1683   -0.6667    2.5000    3.0500

    1.3940

    4.1683    0.6667    2.5000    3.0500

    4.9121

    2.5050         0    0.2778    3.0500

    1.2575

    2.5050         0    1.3889    3.0500

    0.9623

    3.0594         0    0.8333    2.3944

    0.7522

    3.0594         0    0.8333    3.7056

    0.9867

    2.5050   -2.0000    2.5000    3.0500

    2.5050   -2.0000    2.5000    3.0500

  675.1040

    0.8417   -2.0000    2.5000    3.0500

   1.1369e+03

    4.1683   -2.0000    2.5000    3.0500

  294.2093

    4.1683   -4.0000    2.5000    3.0500

  846.8678

    4.1683         0    2.5000    3.0500

  321.3639

    2.5050         0    2.5000    3.0500

  154.7161

    0.8417   -4.0000    2.5000    3.0500

   1.1688e+03

    0.8417         0    2.5000    3.0500

  528.1067

    2.5050         0    0.8333    3.0500

  284.8330

    2.5050         0    4.1667    3.0500

  227.2828

    4.1683   -2.0000    0.8333    3.0500

  187.3709

    4.1683   -2.0000    4.1667    3.0500

  464.4681

    2.5050         0    2.5000    1.0833

  162.8495

    2.5050         0    2.5000    5.0167

  281.6207

    4.1683         0    0.8333    3.0500

  326.1863

    4.1683         0    4.1667    3.0500

  258.6411

    4.1683   -2.0000    0.8333    1.0833

  213.4762

    4.1683   -2.0000    0.8333    5.0167

  269.4948

    2.5050   -0.6667    2.5000    3.0500

  241.6988

    2.5050    0.6667    2.5000    3.0500

  291.8096

    2.5050   -4.0000    2.5000    3.0500

   1.0659e+03

    2.5050   -4.0000    0.8333    3.0500

  754.0106

    2.5050   -4.0000    4.1667    3.0500

   1.2656e+03

    2.5050         0    4.1667    1.0833

  211.8168

    2.5050         0    4.1667    5.0167

  232.4930

    2.5050   -0.6667    2.5000    1.0833

  243.3105

    2.5050    0.6667    2.5000    1.0833

  234.1505

    1.9506         0    2.5000    3.0500

  196.6500

    3.0594         0    2.5000    3.0500

  205.3178

    0.8417         0    0.8333    3.0500

  208.8379

    0.8417         0    4.1667    3.0500

  900.9800

    3.6139   -2.0000    0.8333    3.0500

  208.0555

    4.7228   -2.0000    0.8333    3.0500

  168.0704

    1.9506         0    2.5000    1.0833

  229.7436

    3.0594         0    2.5000    1.0833

  127.2741

    2.5050   -2.0000    0.8333    3.0500

  345.6154

    2.5050   -2.0000    4.1667    3.0500

  922.5071

    0.8417         0    0.8333    1.0833

  173.0897

    0.8417         0    0.8333    5.0167

  386.6065

    4.7228   -2.6667    0.8333    3.0500

  199.6673

    4.7228   -1.3333    0.8333    3.0500

  262.0795

    3.0594         0    1.9444    1.0833

  182.9179

    3.0594         0    3.0556    1.0833

   98.9425

    4.1683   -4.0000    0.8333    3.0500

  513.6914

    4.1683   -4.0000    4.1667    3.0500

   1.0692e+03

    4.1683         0    4.1667    1.0833

  203.5166

    4.1683         0    4.1667    5.0167

  347.3946

    0.8417   -0.6667    0.8333    1.0833

  305.9051

    0.8417    0.6667    0.8333    1.0833

  130.4864

    3.0594         0    3.0556    0.4278

   61.6468

    3.0594         0    3.0556    1.7389

  135.6700

    2.5050   -2.0000    2.5000    3.0500

    2.5050   -2.0000    2.5000    3.0500

    2.5050   -2.0000    2.5000    3.0500

   5.3717e+03

    0.8417   -2.0000    2.5000    3.0500

   5.7301e+03

    4.1683   -2.0000    2.5000    3.0500

   3.8742e+03

    4.1683   -4.0000    2.5000    3.0500

   5.5796e+03

    4.1683         0    2.5000    3.0500

  192.0642

    2.5050         0    2.5000    3.0500

   1.8249e+03

    4.1683         0    0.8333    3.0500

   1.0022e+03

    4.1683         0    4.1667    3.0500

  205.8744

    2.5050         0    0.8333    3.0500

  730.3258

    4.1683         0    2.5000    1.0833

  231.9958

    4.1683         0    2.5000    5.0167

   3.7763e+03

    0.8417         0    2.5000    3.0500

   4.4841e+03

    4.1683         0    4.1667    1.0833

  867.3566

    3.6139         0    2.5000    3.0500

  248.4958

    4.7228         0    2.5000    3.0500

  795.1909

    2.5050         0    4.1667    3.0500

   2.6887e+03

    0.8417         0    0.8333    3.0500

   1.9898e+03

    2.5050         0    4.1667    1.0833

   3.2576e+03

    2.5050         0    4.1667    5.0167

  115.6153

    0.8417   -4.0000    2.5000    3.0500

   5.8985e+03

    0.8417   -4.0000    0.8333    3.0500

   4.9317e+03

    0.8417   -4.0000    4.1667    3.0500

   6.4187e+03

    2.5050         0    0.8333    1.0833

   1.5227e+03

    2.5050         0    0.8333    5.0167

   1.2610e+03

    2.5050   -0.6667    4.1667    5.0167

  886.0280

    2.5050    0.6667    4.1667    5.0167

   1.2108e+03

    2.5050   -4.0000    2.5000    3.0500

   5.8995e+03

    4.1683         0    0.8333    1.0833

  578.5090

    4.1683         0    0.8333    5.0167

   4.6367e+03

    3.6139         0    4.1667    3.0500

  827.9262

    4.7228         0    4.1667    3.0500

  199.3501

    2.5050         0    3.6111    5.0167

  118.1912

    2.5050         0    4.7222    5.0167

  138.2574

    2.5050   -4.0000    0.8333    3.0500

   4.5658e+03

    4.1683   -2.0000    0.8333    3.0500

   2.6441e+03

    4.1683   -2.0000    4.1667    3.0500

   4.2023e+03

    2.5050   -4.0000    0.8333    1.0833

   4.8668e+03

    2.5050   -4.0000    0.8333    5.0167

   2.8280e+03

    3.6139         0    2.5000    1.0833

  995.0564

    4.7228         0    2.5000    1.0833

  282.9802

    4.1683   -0.6667    2.5000    3.0500

  989.5672

    4.1683    0.6667    2.5000    3.0500

   4.0082e+03

    2.5050         0    4.1667    4.3611

  604.3429

    2.5050         0    4.1667    5.6722

   1.6505e+03

    2.5050   -2.0000    0.8333    3.0500

   3.2729e+03

    0.8417         0    2.5000    1.0833

   4.6246e+03

    0.8417         0    2.5000    5.0167

   2.9216e+03

    4.7228   -0.6667    4.1667    3.0500

  967.0740

    4.7228    0.6667    4.1667    3.0500

   4.4198e+03

    2.5050         0    3.6111    4.3611

  486.0282

    1.9506         0    4.1667    5.0167

  772.6565

    3.0594         0    4.1667    5.0167

  539.6288

    2.5050   -2.0000    2.5000    3.0500

   1.1711e+04

    0.8417   -2.0000    2.5000    3.0500

   2.9332e+04

    4.1683   -2.0000    2.5000    3.0500

   4.3596e+03

    4.1683   -4.0000    2.5000    3.0500

   1.5262e+04

    4.1683         0    2.5000    3.0500

  675.7432

    2.5050         0    2.5000    3.0500

   1.8820e+03

    4.1683         0    0.8333    3.0500

   1.5490e+03

    4.1683         0    4.1667    3.0500

  568.2273

    2.5050   -4.0000    2.5000    3.0500

   3.7462e+04

    0.8417         0    2.5000    3.0500

   1.4985e+04

    4.1683         0    4.1667    1.0833

   1.3975e+03

    4.1683         0    4.1667    5.0167

   3.1061e+03

    4.1683         0    2.5000    1.0833

  335.8700

    4.1683         0    2.5000    5.0167

   4.0064e+03

    4.1683         0    0.8333    1.0833

  681.2761

    4.1683         0    0.8333    5.0167

   5.0633e+03

    3.6139         0    2.5000    1.0833

   1.1763e+03

    4.7228         0    2.5000    1.0833

  697.3917

    3.6139         0    4.1667    3.0500

   1.0704e+03

    4.7228         0    4.1667    3.0500

  684.2347

    4.1683   -0.6667    2.5000    1.0833

   2.2183e+03

    4.1683    0.6667    2.5000    1.0833

   4.6132e+03

    2.5050         0    0.8333    3.0500

   1.0166e+03

    2.5050         0    4.1667    3.0500

   2.5193e+03

    3.6139         0    2.5000    3.0500

  554.2961

    4.7228         0    2.5000    3.0500

   1.2098e+03

    4.1683         0    1.9444    1.0833

  314.5207

    4.1683         0    3.0556    1.0833

  775.3049

    4.1683   -2.0000    0.8333    3.0500

   2.4948e+03

    4.1683   -2.0000    4.1667    3.0500

   5.1587e+03

    2.5050         0    0.8333    1.0833

   1.3553e+03

    2.5050         0    0.8333    5.0167

   1.7086e+03

    3.6139         0    0.8333    1.0833

  506.1134

    4.7228         0    0.8333    1.0833

   2.1923e+03

    4.1683         0    1.9444    0.4278

  118.9751

    4.1683         0    1.9444    1.7389

  458.8550

    2.5050   -2.0000    0.8333    3.0500

   7.9719e+03

    2.5050   -4.0000    2.5000    5.0167

   1.2670e+05

    2.5050   -0.6667    0.8333    3.0500

   1.8494e+03

    2.5050    0.6667    0.8333    3.0500

   1.1287e+03

    3.6139   -0.6667    0.8333    1.0833

   1.9485e+03

    3.6139    0.6667    0.8333    1.0833

   3.5539e+03

    4.1683         0    2.5000    0.4278

  165.4424

    4.1683         0    2.5000    1.7389

  570.1503

    3.9835         0    1.9444    0.4278

  112.4160

    4.3531         0    1.9444    0.4278

  404.5441

    0.8417         0    0.8333    3.0500

   6.6973e+03

    2.5050         0    2.5000    1.0833

   2.6419e+03

    2.5050         0    2.5000    5.0167

   1.0362e+03

    3.6139   -0.6667    2.5000    3.0500

   1.7161e+03

    3.6139    0.6667    2.5000    3.0500

   2.0831e+03

    3.6139         0    0.2778    1.0833

  772.2207

    3.6139         0    1.3889    1.0833

  692.4410

    3.9835         0    2.5000    0.4278

  564.4287

    4.3531         0    2.5000    0.4278

   80.0966

    3.0050   -1.5000    5.0000    3.0500

    3.0050   -1.5000    5.0000    3.0500

   2.7731e+04

    1.0083   -1.5000    5.0000    3.0500

   2.3526e+05

    5.0017   -1.5000    5.0000    3.0500

   3.0957e+03

    5.0017   -3.8333    5.0000    3.0500

   6.4559e+04

    5.0017    0.8333    5.0000    3.0500

   9.3134e+03

    3.0050   -3.8333    5.0000    3.0500

   2.0453e+05

    3.0050    0.8333    5.0000    3.0500

   2.0319e+03

    1.0083   -3.8333    5.0000    3.0500

   3.1699e+05

    1.0083    0.8333    5.0000    3.0500

   1.4629e+04

    3.0050    0.8333    1.6667    3.0500

   4.3272e+03

    3.0050    0.8333    8.3333    3.0500

   1.3433e+03

    5.0017   -1.5000    1.6667    3.0500

   1.7442e+03

    5.0017   -1.5000    8.3333    3.0500

   5.2709e+03

    3.0050    0.8333    8.3333    1.0833

   1.8054e+03

    3.0050    0.8333    8.3333    5.0167

   3.7015e+03

    5.0017    0.8333    1.6667    3.0500

   9.9853e+03

    5.0017    0.8333    8.3333    3.0500

   7.9853e+03

    5.0017   -1.5000    1.6667    1.0833

   3.1965e+03

    5.0017   -1.5000    1.6667    5.0167

   2.9216e+03

    3.0050    0.0556    8.3333    3.0500

   4.1738e+03

    3.0050    1.6111    8.3333    3.0500

   5.9125e+03

    1.0083    0.8333    1.6667    3.0500

   9.5941e+03

    1.0083    0.8333    8.3333    3.0500

   8.0691e+04

    3.0050    0.8333    5.0000    1.0833

   1.4797e+03

    3.0050    0.8333    5.0000    5.0167

   5.0457e+03

    3.0050    0.8333    7.2222    3.0500

   1.4131e+03

    3.0050    0.8333    9.4444    3.0500

   1.4251e+03

    3.0050   -1.5000    1.6667    3.0500

   8.7182e+03

    3.0050   -1.5000    8.3333    3.0500

   6.8645e+04

    5.0017   -1.5000    5.0000    1.0833

   4.1118e+03

    5.0017   -1.5000    5.0000    5.0167

   3.5382e+03

    3.0050    0.0556    5.0000    1.0833

   3.0999e+03

    3.0050    1.6111    5.0000    1.0833

   6.8103e+03

    2.3394    0.8333    8.3333    3.0500

   2.4433e+03

    3.6706    0.8333    8.3333    3.0500

   2.3722e+03

    5.0017   -3.8333    1.6667    3.0500

   2.3761e+04

    5.0017   -3.8333    8.3333    3.0500

   1.1995e+05

    3.0050    0.8333    1.6667    1.0833

   2.8162e+03

    3.0050    0.8333    1.6667    5.0167

   8.1267e+03

    4.3361   -1.5000    1.6667    3.0500

   2.5474e+03

    5.6672   -1.5000    1.6667    3.0500

   1.7717e+03

    2.3394    0.8333    5.0000    1.0833

   2.3825e+03

    3.6706    0.8333    5.0000    1.0833

   2.2366e+03

    2.3394    0.8333    7.2222    3.0500

   1.8419e+03

    3.6706    0.8333    7.2222    3.0500

   2.7874e+03

    3.0050    0.8333    8.3333    2.3944

   2.5113e+03

    3.0050    0.8333    8.3333    3.7056

  410.3106

    3.0050   -3.8333    1.6667    3.0500

   1.2902e+05

    3.0050   -3.8333    8.3333    3.0500

   4.4548e+05

    5.0017   -1.5000    8.3333    1.0833

   4.6011e+03

    5.0017   -1.5000    8.3333    5.0167

   6.1009e+03

    3.0050    0.0556    8.3333    1.0833

   3.9154e+03

    3.0050    1.6111    8.3333    1.0833

   4.2871e+03

    5.0017   -2.2778    1.6667    3.0500

   4.8505e+03

    5.0017   -0.7222    1.6667    3.0500

   2.2497e+03

    2.3394    0.8333    9.4444    3.0500

   2.8715e+03

    3.6706    0.8333    9.4444    3.0500

   2.1119e+03

    3.0050    0.8333    7.2222    2.3944

   2.2124e+03

    3.0050    0.8333    7.2222    3.7056

  575.5214

    3.0050    0.5741    8.3333    3.7056

  658.4108

    3.0050    1.0926    8.3333    3.7056

   1.2149e+03

    1.0083   -1.5000    1.6667    3.0500

   1.1582e+05

    1.0083   -1.5000    8.3333    3.0500

   3.5649e+05

    5.0017    0.8333    8.3333    1.0833

   6.7363e+03

    5.0017    0.8333    8.3333    5.0167

   9.1082e+03

    3.0050    0.0556    5.0000    3.0500

   1.9506e+03

    3.0050    1.6111    5.0000    3.0500

   8.4744e+03

    5.6672   -2.2778    1.6667    3.0500

   2.1340e+03

    5.6672   -0.7222    1.6667    3.0500

   3.8014e+03

    3.0050    0.8333    3.8889    1.0833

   1.2970e+03

    3.0050    0.8333    6.1111    1.0833

   1.5933e+03

    3.0050    0.5741    7.2222    3.7056

  454.4449

    3.0050    1.0926    7.2222    3.7056

   1.7012e+03

    3.0050    0.8333    7.9630    3.7056

  542.3627

    3.0050    0.8333    8.7037    3.7056

  471.1426

    1.0083   -3.8333    1.6667    3.0500

   1.3171e+05

    1.0083   -3.8333    8.3333    3.0500

   3.8930e+05

    3.0050   -1.5000    1.6667    1.0833

   4.2294e+03

    3.0050   -1.5000    1.6667    5.0167

   2.8712e+04

    3.0050    0.0556    1.6667    1.0833

   1.9938e+03

    3.0050    1.6111    1.6667    1.0833

   8.4695e+03

    3.0050    0.8333    7.2222    1.0833

   1.8782e+03

    3.0050    0.8333    9.4444    1.0833

   2.0912e+03

    5.0017   -1.5000    0.5556    3.0500

   1.5599e+03

    5.0017   -1.5000    2.7778    3.0500

   2.2235e+03

    3.0050    0.8333    3.8889    0.4278

  410.0058

    3.0050    0.8333    3.8889    1.7389

   2.2384e+03

    5.0017    0.8333    5.0000    1.0833

   8.1124e+03

    5.0017    0.8333    5.0000    5.0167

   1.0380e+04

    4.3361   -1.5000    1.6667    5.0167

   3.5716e+03

    5.6672   -1.5000    1.6667    5.0167

   3.8326e+03

    2.3394    0.0556    5.0000    3.0500

   5.6670e+03

    3.6706    0.0556    5.0000    3.0500

   1.4845e+03

    3.0050    0.8333    9.4444    2.3944

   2.4680e+03

    3.0050    0.8333    9.4444    3.7056

  402.3357

    1.0083    0.8333    1.6667    1.0833

   1.7971e+03

    1.0083    0.8333    1.6667    5.0167

   7.0168e+04

    3.6706    0.0556    3.8889    3.0500

   1.5705e+03

    3.6706    0.0556    6.1111    3.0500

   1.6353e+03

    3.0050    0.8333    5.0000    0.4278

  400.9062

    3.0050    0.8333    5.0000    1.7389

   2.0379e+03

    2.5050   -2.0000    5.0000    3.0050    0.0250

   1.5413e+05

    0.8417   -2.0000    5.0000    3.0050    0.0250

   2.2685e+05

  Columns 1 through 3

    4.1683   -2.0000    5.0000

  Columns 4 through 5

    3.0050    0.0250

   1.0611e+04

  Columns 1 through 3

    4.1683   -4.0000    5.0000

  Columns 4 through 5

    3.0050    0.0250

   1.8843e+05

  Columns 1 through 3

    4.1683         0    5.0000

  Columns 4 through 5

    3.0050    0.0250

   1.9320e+03

  Columns 1 through 3

    2.5050   -4.0000    5.0000

  Columns 4 through 5

    3.0050    0.0250

   1.7870e+05

  Columns 1 through 3

    2.5050         0    5.0000

  Columns 4 through 5

    3.0050    0.0250

   2.7443e+03

  Columns 1 through 3

    4.1683         0    1.6667

  Columns 4 through 5

    3.0050    0.0250

   3.7051e+03

  Columns 1 through 3

    4.1683         0    8.3333

  Columns 4 through 5

    3.0050    0.0250

   1.3468e+03

  Columns 1 through 3

    0.8417   -4.0000    5.0000

  Columns 4 through 5

    3.0050    0.0250

   1.8243e+05

  Columns 1 through 3

    0.8417         0    5.0000

  Columns 4 through 5

    3.0050    0.0250

   1.3326e+05

  Columns 1 through 3

    2.5050         0    1.6667

  Columns 4 through 5

    3.0050    0.0250

  901.3836

  Columns 1 through 3

    2.5050         0    8.3333

  Columns 4 through 5

    3.0050    0.0250

   7.2994e+03

  Columns 1 through 3

    4.1683   -2.0000    1.6667

  Columns 4 through 5

    3.0050    0.0250

   3.5836e+03

  Columns 1 through 3

    4.1683   -2.0000    8.3333

  Columns 4 through 5

    3.0050    0.0250

   1.6829e+04

  Columns 1 through 3

    2.5050         0    1.6667

  Columns 4 through 5

    1.0083    0.0250

  963.5870

  Columns 1 through 3

    2.5050         0    1.6667

  Columns 4 through 5

    5.0017    0.0250

   2.0172e+03

  Columns 1 through 3

    0.8417         0    1.6667

  Columns 4 through 5

    3.0050    0.0250

   6.8797e+04

  Columns 1 through 3

    0.8417         0    8.3333

  Columns 4 through 5

    3.0050    0.0250

   3.0492e+05

  Columns 1 through 3

    4.1683         0    8.3333

  Columns 4 through 5

    1.0083    0.0250

   1.1397e+03

  Columns 1 through 3

    4.1683         0    8.3333

  Columns 4 through 5

    5.0017    0.0250

   2.3441e+03

  Columns 1 through 3

    2.5050         0    1.6667

  Columns 4 through 5

    3.0050    0.0083

   1.4134e+03

  Columns 1 through 3

    2.5050         0    1.6667

  Columns 4 through 5

    3.0050    0.0417

  703.2579

  Columns 1 through 3

    2.5050   -2.0000    1.6667

  Columns 4 through 5

    3.0050    0.0250

   4.2928e+04

  Columns 1 through 3

    2.5050   -2.0000    8.3333

  Columns 4 through 5

    3.0050    0.0250

   2.9574e+05

  Columns 1 through 3

    4.1683         0    5.0000

  Columns 4 through 5

    1.0083    0.0250

  917.8777

  Columns 1 through 3

    4.1683         0    5.0000

  Columns 4 through 5

    5.0017    0.0250

   3.7625e+03

  Columns 1 through 3

    2.5050   -0.6667    1.6667

  Columns 4 through 5

    3.0050    0.0417

   3.0085e+03

  Columns 1 through 3

    2.5050    0.6667    1.6667

  Columns 4 through 5

    3.0050    0.0417

   2.3340e+03

  Columns 1 through 3

    2.5050   -4.0000    1.6667

  Columns 4 through 5

    3.0050    0.0250

   1.2611e+05

  Columns 1 through 3

    2.5050   -4.0000    8.3333

  Columns 4 through 5

    3.0050    0.0250

   3.0150e+05

  Columns 1 through 3

    2.5050         0    5.0000

  Columns 4 through 5

    1.0083    0.0250

   1.6867e+03

  Columns 1 through 3

    2.5050         0    5.0000

  Columns 4 through 5

    5.0017    0.0250

   4.9925e+03

  Columns 1 through 3

    2.5050         0    1.6667

  Columns 4 through 5

    3.0050    0.0472

  757.7386

  Columns 1 through 3

    0.8417   -4.0000    1.6667

  Columns 4 through 5

    3.0050    0.0250

   1.6205e+05

  Columns 1 through 3

    0.8417   -4.0000    8.3333

  Columns 4 through 5

    3.0050    0.0250

   2.0275e+05

  Columns 1 through 3

    4.1683   -2.0000    1.6667

  Columns 4 through 5

    1.0083    0.0250

   1.6847e+03

  Columns 1 through 3

    4.1683   -2.0000    1.6667

  Columns 4 through 5

    5.0017    0.0250

   5.9644e+03

  Columns 1 through 3

    3.0594         0    1.6667

  Columns 4 through 5

    3.0050    0.0417

  787.0211

  Columns 1 through 3

    2.5050         0    1.6667

  Columns 4 through 5

    3.0050    0.0361

  762.8499

  Columns 1 through 3

    4.1683   -4.0000    1.6667

  Columns 4 through 5

    3.0050    0.0250

   7.1285e+04

  Columns 1 through 3

    4.1683   -4.0000    8.3333

  Columns 4 through 5

    3.0050    0.0250

   2.6649e+05

  Columns 1 through 3

    4.1683         0    1.6667

  Columns 4 through 5

    1.0083    0.0250

  439.9162

  Columns 1 through 3

    4.1683         0    1.6667

  Columns 4 through 5

    5.0017    0.0250

   6.5480e+03

  Columns 1 through 3

    0.8417   -2.0000    1.6667

  Columns 4 through 5

    3.0050    0.0250

   1.2799e+05

  Columns 1 through 3

    0.8417   -2.0000    8.3333

  Columns 4 through 5

    3.0050    0.0250

   3.2526e+05

  Columns 1 through 3

    2.5050         0    8.3333

  Columns 4 through 5

    1.0083    0.0250

   2.6077e+03

  Columns 1 through 3

    2.5050         0    8.3333

  Columns 4 through 5

    5.0017    0.0250

   1.5830e+04

  Columns 1 through 3

    4.1683         0    1.6667

  Columns 4 through 5

    1.0083    0.0083

  389.8483

  Columns 1 through 3

    4.1683   -2.0000    5.0000

  Columns 4 through 5

    1.0083    0.0250

   3.7062e+03

  Columns 1 through 3

    4.1683   -2.0000    5.0000

  Columns 4 through 5

    5.0017    0.0250

   1.9140e+04

  Columns 1 through 3

    3.6139         0    1.6667

  Columns 4 through 5

    1.0083    0.0083

  443.9910

  Columns 1 through 3

    4.7228         0    1.6667

  Columns 4 through 5

    1.0083    0.0083

   1.5282e+03

  Columns 1 through 3

    4.1683   -2.0000    8.3333

  Columns 4 through 5

    1.0083    0.0250

   5.9274e+03

  Columns 1 through 3

    4.1683   -2.0000    8.3333

  Columns 4 through 5

    5.0017    0.0250

   4.8295e+04

  Columns 1 through 3

    4.1683   -0.6667    1.6667

  Columns 4 through 5

    1.0083    0.0083

   1.6786e+03

  Columns 1 through 3

    4.1683    0.6667    1.6667

  Columns 4 through 5

    1.0083    0.0083

   5.1243e+03

  Columns 1 through 3

    2.5050   -2.0000    1.6667

  Columns 4 through 5

    1.0083    0.0250

   1.2912e+04

  Columns 1 through 3

    2.5050   -2.0000    1.6667

  Columns 4 through 5

    5.0017    0.0250

   1.5706e+05

  Columns 1 through 3

    4.1683         0    0.5556

  Columns 4 through 5

    1.0083    0.0083

   1.2313e+03

  Columns 1 through 3

    4.1683         0    2.7778

  Columns 4 through 5

    1.0083    0.0083

  344.1222

  Columns 1 through 3

    4.1683         0    1.6667

  Columns 4 through 5

    1.0083    0.0417

  469.0187

  Columns 1 through 3

    0.8417         0    1.6667

  Columns 4 through 5

    1.0083    0.0250

   7.0513e+03

  Columns 1 through 3

    0.8417         0    1.6667

  Columns 4 through 5

    5.0017    0.0250

   3.1249e+05

  Columns 1 through 3

    4.1683         0    2.7778

  Columns 4 through 5

    0.3428    0.0083

  135.8233

  Columns 1 through 3

    4.1683         0    2.7778

  Columns 4 through 5

    1.6739    0.0083

   1.3167e+03

  Columns 1 through 3

    4.1683   -4.0000    1.6667

  Columns 4 through 5

    1.0083    0.0250

   2.2899e+04

  Columns 1 through 3

    4.1683   -4.0000    1.6667

  Columns 4 through 5

    5.0017    0.0250

   3.0508e+05

  Columns 1 through 3

    4.1683         0    1.6667

  Columns 4 through 5

    0.3428    0.0083

  192.9347

  Columns 1 through 3

    4.1683         0    1.6667

  Columns 4 through 5

    1.6739    0.0083

   1.2638e+03

  Columns 1 through 3

    4.1683         0    2.7778

  Columns 4 through 5

    0.3428    0.0028

  279.3568

  Columns 1 through 3

    4.1683         0    2.7778

  Columns 4 through 5

    0.3428    0.0139

  152.4917

  Columns 1 through 3

    3.6139         0    1.6667

  Columns 4 through 5

    1.0083    0.0417

  283.4648

  Columns 1 through 3

    3.6139   -0.6667    1.6667

  Columns 4 through 5

    1.0083    0.0083

   1.8399e+03

  Columns 1 through 3

    2.5050   -4.0000    1.6667

  Columns 4 through 5

    1.0083    0.0250

   3.7382e+04

  Columns 1 through 3

    2.5050   -4.0000    1.6667

  Columns 4 through 5

    5.0017    0.0250

   5.6262e+05

  Columns 1 through 3

    3.6139   -0.6667    0.5556

  Columns 4 through 5

    1.0083    0.0083

  889.7952

  Columns 1 through 3

    3.6139   -0.6667    2.7778

  Columns 4 through 5

    1.0083    0.0083

   2.1638e+03

  Columns 1 through 3

    4.1683         0    5.0000

  Columns 4 through 5

    1.0083    0.0417

  651.5730

  Columns 1 through 3

    0.8417   -2.0000    1.6667

  Columns 4 through 5

    1.0083    0.0250

   1.8105e+04

  Columns 1 through 3

    0.8417   -2.0000    1.6667

  Columns 4 through 5

    5.0017    0.0250

   5.5590e+05

  Columns 1 through 3

    3.6139         0    5.0000

  Columns 4 through 5

    1.0083    0.0417

  676.2370

  Columns 1 through 3

    4.7228         0    5.0000

  Columns 4 through 5

    1.0083    0.0417

  679.3467

  Columns 1 through 3

    3.6139   -0.6667    1.6667

  Columns 4 through 5

    0.3428    0.0083

   1.8601e+03

  Columns 1 through 3

    3.6139   -0.6667    1.6667

  Columns 4 through 5

    1.6739    0.0083

   1.9171e+03

  Columns 1 through 3

    4.1683         0    5.0000

  Columns 4 through 5

    1.0083    0.0083

   1.4820e+03

  Columns 1 through 3

    4.1683         0    2.7778

  Columns 4 through 5

    1.0083    0.0250

  533.3200

  Columns 1 through 3

    0.8417         0    5.0000

  Columns 4 through 5

    1.0083    0.0250

   5.1950e+04

  Columns 1 through 3

    0.8417         0    5.0000

  Columns 4 through 5

    5.0017    0.0250

   9.3940e+05

  Columns 1 through 3

    3.6139         0    1.6667

  Columns 4 through 5

    1.0083    0.0250

  369.1252

  Columns 1 through 3

    2.5050   -2.0000    5.0000

  Columns 4 through 5

    1.0083    0.0250

   2.2677e+04

  Columns 1 through 3

    2.5050   -2.0000    5.0000

  Columns 4 through 5

    5.0017    0.0250

   7.9839e+05

  Columns 1 through 3

    3.6139         0    1.6667

  Columns 4 through 5

    1.0083    0.0472

  281.5877

  Columns 1 through 3

    0.8417   -4.0000    1.6667

  Columns 4 through 5

    1.0083    0.0250

   5.3214e+04

  Columns 1 through 3

    0.8417   -4.0000    1.6667

  Columns 4 through 5

    5.0017    0.0250

   6.5322e+05

  Columns 1 through 3

    4.1683         0    2.7778

  Columns 4 through 5

    0.3428    0.0102

  109.8392

  Columns 1 through 3

    3.6139         0    0.5556

  Columns 4 through 5

    1.0083    0.0083

  417.7382

  Columns 1 through 3

    3.6139         0    0.5556

  Columns 4 through 5

    1.0083    0.0472

  608.2154

  Columns 1 through 3

    2.5050   -4.0000    5.0000

  Columns 4 through 5

    1.0083    0.0250

   1.1686e+05

  Columns 1 through 3

    2.5050   -4.0000    5.0000

  Columns 4 through 5

    5.0017    0.0250

   1.0727e+06

  Columns 1 through 3

    3.6139         0    0.5556

  Columns 4 through 5

    0.3428    0.0083

  708.6305

  Columns 1 through 3

    3.6139         0    0.5556

  Columns 4 through 5

    1.6739    0.0083

   1.0663e+03

  Columns 1 through 3

    3.6139         0    2.7778

  Columns 4 through 5

    1.0083    0.0083

   1.1990e+03

  Columns 1 through 3

    0.8417   -4.0000    5.0000

  Columns 4 through 5

    1.0083    0.0250

   7.0964e+04

  Columns 1 through 3

    0.8417   -4.0000    5.0000

  Columns 4 through 5

    5.0017    0.0250

   9.0585e+05

  Columns 1 through 3

    4.1683   -4.0000    5.0000

  Columns 4 through 5

    1.0083    0.0250

   2.1340e+04

  Columns 1 through 3

    4.1683   -4.0000    5.0000

  Columns 4 through 5

    5.0017    0.0250

   7.3194e+05

  Columns 1 through 3

    4.1683         0    2.7778

  Columns 4 through 5

    0.3428    0.0108

  159.6916

  Columns 1 through 3

    0.8417   -4.0000    8.3333

  Columns 4 through 5

    1.0083    0.0250

   6.7501e+04

  Columns 1 through 3

    0.8417   -4.0000    8.3333

  Columns 4 through 5

    5.0017    0.0250

   1.2260e+06

  Columns 1 through 3

    3.6139         0    2.7778

  Columns 4 through 5

    0.3428    0.0083

   1.1539e+03

  Columns 1 through 3

    4.1683         0    2.7778

  Columns 4 through 5

    0.1209    0.0139

   25.3723

  Columns 1 through 3

    4.1683         0    2.7778

  Columns 4 through 5

    0.5646    0.0139

  339.0175

  Columns 1 through 3

    3.6139         0    1.6667

  Columns 4 through 5

    1.0083    0.0361

  312.4070

  Columns 1 through 3

    0.8417   -2.0000    5.0000

  Columns 4 through 5

    1.0083    0.0250

   6.2016e+04

  Columns 1 through 3

    0.8417   -2.0000    5.0000

  Columns 4 through 5

    5.0017    0.0250

   1.0110e+06

  Columns 1 through 3

    4.1683         0    2.7778

  Columns 4 through 5

    0.1209    0.0157

   19.8837

  Columns 1 through 3

    4.1683   -4.0000    8.3333

  Columns 4 through 5

    1.0083    0.0250

   6.2183e+04

  Columns 1 through 3

    4.1683   -4.0000    8.3333

  Columns 4 through 5

    5.0017    0.0250

   1.1276e+06

  Columns 1 through 3

    4.1683         0    2.7778

  Columns 4 through 5

    0.3428    0.0157

  200.9420

  Columns 1 through 3

    2.5050   -2.0000    8.3333

  Columns 4 through 5

    1.0083    0.0250

   1.1447e+05

  Columns 1 through 3

    2.5050   -2.0000    8.3333

  Columns 4 through 5

    5.0017    0.0250

   6.3087e+05

  Columns 1 through 3

    4.1683         0    2.7778

  Columns 4 through 5

    0.0470    0.0157

   36.5519

  Columns 1 through 3

    2.5050   -4.0000    8.3333

  Columns 4 through 5

    1.0083    0.0250

   7.3608e+04

  Columns 1 through 3

    4.1683         0    2.7778

  Columns 4 through 5

    0.1209    0.0164

   17.4758

  Columns 1 through 3

    2.5050   -4.0000    8.3333

  Columns 4 through 5

    5.0017    0.0250

   1.2598e+06

  Columns 1 through 3

    0.8417         0    8.3333

  Columns 4 through 5

    1.0083    0.0250

   5.4109e+04

  Columns 1 through 3

    0.8417         0    8.3333

  Columns 4 through 5

    5.0017    0.0250

   1.4382e+06

  Columns 1 through 3

    0.8417   -2.0000    8.3333

  Columns 4 through 5

    1.0083    0.0250

   9.4098e+04

  Columns 1 through 3

    0.8417   -2.0000    8.3333

  Columns 4 through 5

    5.0017    0.0250

   1.0727e+06

  Columns 1 through 3

    4.1683         0    2.7778

  Columns 4 through 5

    0.0963    0.0164

   26.1634

  Columns 1 through 3

    4.1683         0    2.7778

  Columns 4 through 5

    0.1209    0.0166

   35.4629

  Columns 1 through 3

    4.1683         0    2.7778

  Columns 4 through 5

    0.1209    0.0162

   37.6044

  Columns 1 through 3

    4.1683         0    2.7778

  Columns 4 through 5

    0.1209    0.0163

   90.0479

  Columns 1 through 3

    4.1683         0    2.7778

  Columns 4 through 5

    0.1209    0.0164

   16.0473

  Columns 1 through 3

    4.1683         0    2.7778

  Columns 4 through 5

    0.1209    0.0151

   50.1899

  Columns 1 through 3

    4.1683         0    2.7778

  Columns 4 through 5

    0.0470    0.0139

   51.6880

  Columns 1 through 3

    4.1683         0    2.7778

  Columns 4 through 5

    0.0963    0.0151

   13.7394

  Columns 1 through 3

    4.1683         0    2.7778

  Columns 4 through 5

    0.1209    0.0133

   30.2219

  Columns 1 through 3

    4.1683         0    2.7778

  Columns 4 through 5

    0.0963    0.0157

   12.5801

  Columns 1 through 3

    4.1683         0    2.7778

  Columns 4 through 5

    0.0963    0.0149

   67.0127

  Columns 1 through 3

    4.1683         0    2.7778

  Columns 4 through 5

    0.0963    0.0153

   23.1720

  Columns 1 through 3

    4.1683         0    2.7778

  Columns 4 through 5

    0.0963    0.0159

   15.8932

  Columns 1 through 3

    4.1683         0    2.7778

  Columns 4 through 5

    0.0881    0.0159

   39.3901

  Columns 1 through 3

    4.1683         0    2.7778

  Columns 4 through 5

    0.1045    0.0151

   15.8943

  Columns 1 through 3

    4.1683         0    2.7778

  Columns 4 through 5

    0.1045    0.0152

   11.6961

  Columns 1 through 3

    4.1683         0    2.7778

  Columns 4 through 5

    0.1045    0.0151

   52.8083

  Columns 1 through 3

    4.1752         0    2.7778

  Columns 4 through 5

    0.1045    0.0152

   37.2622

  Columns 1 through 3

    4.1615         0    2.7778

  Columns 4 through 5

    0.1045    0.0152

   20.2774

  Columns 1 through 3

    4.1615         0    2.7778

  Columns 4 through 5

    0.1045    0.0152

   27.2249

  Columns 1 through 3

    4.1592         0    2.7778

  Columns 4 through 5

    0.1045    0.0152

   32.4154

  Columns 1 through 3

    4.1615         0    2.7778

  Columns 4 through 5

    0.1045    0.0152

   30.4648

  Columns 1 through 3

    4.1615         0    2.7778

  Columns 4 through 5

    0.1072    0.0152

   15.6501

  Columns 1 through 3

    4.1683         0    2.7778

  Columns 4 through 5

    0.0963    0.0166

   16.8287

  Columns 1 through 3

    4.2299         0    2.7778

  Columns 4 through 5

    0.0470    0.0139

   89.3408

  Columns 1 through 3

    4.1683         0    2.7778

  Columns 4 through 5

    0.0470    0.0164

   21.1779

  Columns 1 through 3

    4.1683         0    2.7778

  Columns 4 through 5

    0.0963    0.0162

   16.9279

  Columns 1 through 3

    3.6139         0    0.1852

  Columns 4 through 5

    1.0083    0.0083

  668.6106

  Columns 1 through 3

    4.1683         0    2.7778

  Columns 4 through 5

    0.1209    0.0145

   25.8879

  Columns 1 through 3

    4.1683         0    1.6667

  Columns 4 through 5

    0.3428    0.0028

  416.7682

  Columns 1 through 3

    4.1478         0    2.7778

  Columns 4 through 5

    0.1209    0.0139

   28.3974

  Columns 1 through 3

    4.1683         0    2.7778

  Columns 4 through 5

    0.1045    0.0166

   22.7117

  Columns 1 through 3

    3.6139         0    1.6667

  Columns 4 through 5

    0.3428    0.0472

   28.9000

  Columns 1 through 3

    3.6139    0.2222    1.6667

  Columns 4 through 5

    0.3428    0.0472

  257.6198

  Columns 1 through 3

    4.1683         0    2.7778

  Columns 4 through 5

    0.0223    0.0164

   24.7442

  Columns 1 through 3

    4.1683         0    2.7778

  Columns 4 through 5

    0.0963    0.0166

   56.3467

  Columns 1 through 3

    3.6139         0    1.6667

  Columns 4 through 5

    0.3428    0.0491

   40.7963

  Columns 1 through 3

    4.1683         0    2.7778

  Columns 4 through 5

    0.0223    0.0166

   20.9431

  Columns 1 through 3

    4.1683         0    2.7778

  Columns 4 through 5

    0.0963    0.0165

   73.3538

  Columns 1 through 3

    4.1889         0    2.7778

  Columns 4 through 5

    0.0223    0.0166

  121.9232

  Columns 1 through 3

    3.6139         0    1.6667

  Columns 4 through 5

    0.3428    0.0454

   47.7308

  Columns 1 through 3

    4.1478         0    2.7778

  Columns 4 through 5

    0.0223    0.0164

   28.8348

  Columns 1 through 3

    3.6139         0    1.2963

  Columns 4 through 5

    0.3428    0.0491

  129.4568

  Columns 1 through 3

    4.1683         0    2.7778

  Columns 4 through 5

    0.0305    0.0166

   16.6650

  Columns 1 through 3

    4.1683         0    2.7778

  Columns 4 through 5

    0.0305    0.0166

   19.4882

  Columns 1 through 3

    4.1615         0    2.7778

  Columns 4 through 5

    0.0305    0.0166

   54.7269

  Columns 1 through 3

    4.1752         0    2.7778

  Columns 4 through 5

    0.0305    0.0166

   13.9016

  Columns 1 through 3

    3.6139         0    1.6667

  Columns 4 through 5

    0.3428    0.0497

   40.6157

  Columns 1 through 3

    3.6139         0    1.2963

  Columns 4 through 5

    0.3428    0.0472

   54.4095

  Columns 1 through 3

    3.6139         0    1.6667

  Columns 4 through 5

    0.3428    0.0485

   41.2667

  Columns 1 through 3

    4.1752         0    2.7778

  Columns 4 through 5

    0.0333    0.0166

   43.3038

  Columns 1 through 3

    4.1752         0    2.7824

  Columns 4 through 5

    0.0305    0.0166

   19.3466

  Columns 1 through 3

    3.6139         0    1.6667

  Columns 4 through 5

    0.3428    0.0460

   31.9967

  Columns 1 through 3

    4.1683         0    2.7915

  Columns 4 through 5

    0.0223    0.0164

   29.7170

  Columns 1 through 3

    4.1752         0    2.7824

  Columns 4 through 5

    0.0278    0.0166

   23.5452

  Columns 1 through 3

    4.1683         0    2.8189

  Columns 4 through 5

    0.1209    0.0145

   21.1139

  Columns 1 through 3

    4.1683         0    2.8189

  Columns 4 through 5

    0.0963    0.0145

   48.0877

  Columns 1 through 3

    4.1683         0    2.7824

  Columns 4 through 5

    0.0305    0.0166

   10.7439

  Columns 1 through 3

    4.1683         0    2.7824

  Columns 4 through 5

    0.0305    0.0167

   33.5385

  Columns 1 through 3

    3.6139         0    1.6667

  Columns 4 through 5

    0.3428    0.0448

   40.7436

  Columns 1 through 3

    4.1683         0    2.8189

  Columns 4 through 5

    0.1209    0.0143

   27.9524

  Columns 1 through 3

    4.1683         0    2.7824

  Columns 4 through 5

    0.0305    0.0166

   17.7931

  Columns 1 through 3

    4.1067         0    2.7778

  Columns 4 through 5

    0.0470    0.0157

   35.3840

  Columns 1 through 3

    4.0862         0    2.7778

  Columns 4 through 5

    0.0470    0.0157

   59.4043

  Columns 1 through 3

    4.1067         0    2.7366

  Columns 4 through 5

    0.0470    0.0157

   81.5110

  Columns 1 through 3

    4.1067         0    2.8189

  Columns 4 through 5

    0.0470    0.0157

   46.5845

  Columns 1 through 3

    4.1683         0    2.8052

  Columns 4 through 5

    0.1209    0.0143

   18.1785

  Columns 1 through 3

    4.1067         0    2.7778

  Columns 4 through 5

    0.0223    0.0157

   57.8988

  Columns 1 through 3

    4.1683         0    2.8189

  Columns 4 through 5

    0.1209    0.0147

   22.7801

  Columns 1 through 3

    4.1683         0    2.8052

  Columns 4 through 5

    0.1209    0.0145

   28.9562

    2.5050   -2.0000    5.0000    3.0050    0.0250

   1.6176e+03

    0.8417   -2.0000    5.0000    3.0050    0.0250

   1.6088e+03

    4.1683   -2.0000    5.0000    3.0050    0.0250

   1.4108e+03

    4.1683   -4.0000    5.0000    3.0050    0.0250

   1.6165e+03

    4.1683         0    5.0000    3.0050    0.0250

   84.2090

    0.8417   -4.0000    5.0000    3.0050    0.0250

   1.6233e+03

  Columns 1 through 4

    0.8417         0    5.0000    3.0050

  Column 5

    0.0250

   1.5855e+03

  Columns 1 through 4

    4.1683         0    1.6667    3.0050

  Column 5

    0.0250

  675.4356

  Columns 1 through 4

    4.1683         0    8.3333    3.0050

  Column 5

    0.0250

  617.6031

  Columns 1 through 4

    2.5050         0    5.0000    3.0050

  Column 5

    0.0250

   1.1366e+03

  Columns 1 through 4

    4.1683         0    5.0000    1.0083

  Column 5

    0.0250

  683.9478

  Columns 1 through 4

    4.1683         0    5.0000    5.0017

  Column 5

    0.0250

   2.3106e+03

  Columns 1 through 4

    2.5050   -4.0000    5.0000    3.0050

  Column 5

    0.0250

   1.6135e+03

  Columns 1 through 4

    2.5050   -4.0000    1.6667    3.0050

  Column 5

    0.0250

   1.4842e+03

  Columns 1 through 4

    2.5050   -4.0000    8.3333    3.0050

  Column 5

    0.0250

   1.6749e+03

  Columns 1 through 4

    4.1683         0    8.3333    1.0083

  Column 5

    0.0250

   1.0175e+03

  Columns 1 through 4

    4.1683         0    8.3333    5.0017

  Column 5

    0.0250

   1.4597e+03

  Columns 1 through 4

    4.1683         0    5.0000    3.0050

  Column 5

    0.0083

  237.3805

  Columns 1 through 4

    4.1683         0    5.0000    3.0050

  Column 5

    0.0417

   27.8900

  Columns 1 through 4

    2.5050         0    1.6667    3.0050

  Column 5

    0.0250

  408.9015

  Columns 1 through 4

    2.5050         0    8.3333    3.0050

  Column 5

    0.0250

   1.2916e+03

  Columns 1 through 4

    3.6139         0    5.0000    3.0050

  Column 5

    0.0417

  229.3857

  Columns 1 through 4

    4.7228         0    5.0000    3.0050

  Column 5

    0.0417

   95.9642

  Columns 1 through 4

    4.1683   -2.0000    1.6667    3.0050

  Column 5

    0.0250

   1.1216e+03

  Columns 1 through 4

    4.1683   -2.0000    8.3333    3.0050

  Column 5

    0.0250

   1.5396e+03

  Columns 1 through 4

    2.5050         0    1.6667    1.0083

  Column 5

    0.0250

  924.9479

  Columns 1 through 4

    2.5050         0    1.6667    5.0017

  Column 5

    0.0250

  784.6930

  Columns 1 through 4

    3.6139         0    5.0000    3.0050

  Column 5

    0.0250

  457.5079

  Columns 1 through 4

    4.7228         0    5.0000    3.0050

  Column 5

    0.0250

  128.7841

  Columns 1 through 4

    4.1683   -0.6667    5.0000    3.0050

  Column 5

    0.0417

  459.8684

  Columns 1 through 4

    4.1683    0.6667    5.0000    3.0050

  Column 5

    0.0417

   1.8322e+03

  Columns 1 through 4

    0.8417         0    1.6667    3.0050

  Column 5

    0.0250

   1.0441e+03

  Columns 1 through 4

    0.8417         0    8.3333    3.0050

  Column 5

    0.0250

   1.6649e+03

  Columns 1 through 4

    4.1683         0    1.6667    1.0083

  Column 5

    0.0250

  285.5700

  Columns 1 through 4

    4.1683         0    1.6667    5.0017

  Column 5

    0.0250

   4.1834e+03

  Columns 1 through 4

    4.7228         0    5.0000    3.0050

  Column 5

    0.0083

   46.7176

  Columns 1 through 4

    4.1683         0    5.0000    3.0050

  Column 5

    0.0361

   46.2565

  Columns 1 through 4

    4.1683         0    5.0000    3.0050

  Column 5

    0.0472

   32.7167

  Columns 1 through 4

    0.8417   -2.0000    1.6667    3.0050

  Column 5

    0.0250

   1.4983e+03

  Columns 1 through 4

    0.8417   -2.0000    8.3333    3.0050

  Column 5

    0.0250

   1.6867e+03

  Columns 1 through 4

    2.5050   -4.0000    5.0000    1.0083

  Column 5

    0.0250

   1.6266e+03

  Columns 1 through 4

    2.5050   -4.0000    5.0000    5.0017

  Column 5

    0.0250

   1.3028e+03

  Columns 1 through 4

    4.1683         0    1.6667    1.0083

  Column 5

    0.0083

  166.0093

  Columns 1 through 4

    4.7228   -0.6667    5.0000    3.0050

  Column 5

    0.0083

   1.0331e+03

  Columns 1 through 4

    4.7228    0.6667    5.0000    3.0050

  Column 5

    0.0083

   3.9886e+03

  Columns 1 through 4

    4.1683         0    3.8889    3.0050

  Column 5

    0.0417

   39.2332

  Columns 1 through 4

    4.1683         0    6.1111    3.0050

  Column 5

    0.0417

  102.9103

  Columns 1 through 4

    4.1683   -4.0000    1.6667    3.0050

  Column 5

    0.0250

   1.4206e+03

  Columns 1 through 4

    4.1683   -4.0000    8.3333    3.0050

  Column 5

    0.0250

   1.6700e+03

  Columns 1 through 4

    0.8417         0    1.6667    1.0083

  Column 5

    0.0250

   1.0961e+03

  Columns 1 through 4

    0.8417         0    1.6667    5.0017

  Column 5

    0.0250

  789.8890

  Columns 1 through 4

    2.5050         0    1.6667    3.0050

  Column 5

    0.0083

  826.3635

  Columns 1 through 4

    2.5050         0    1.6667    3.0050

  Column 5

    0.0417

  201.6167

  Columns 1 through 4

    3.6139         0    1.6667    1.0083

  Column 5

    0.0083

  304.2267

  Columns 1 through 4

    4.7228         0    1.6667    1.0083

  Column 5

    0.0083

   1.0177e+03

  Columns 1 through 4

    4.1683   -0.6667    5.0000    3.0050

  Column 5

    0.0250

  923.5025

  Columns 1 through 4

    4.7228         0    3.8889    3.0050

  Column 5

    0.0083

  202.9476

  Columns 1 through 4

    4.7228         0    6.1111    3.0050

  Column 5

    0.0083

   35.0281

  Columns 1 through 4

    4.1683         0    3.8889    3.0050

  Column 5

    0.0472

   40.5466

  Columns 1 through 4

    4.1683         0    6.1111    3.0050

  Column 5

    0.0472

   93.9606

  Columns 1 through 4

    4.1683         0    5.0000    2.3394

  Column 5

    0.0417

  311.1453

  Columns 1 through 4

    4.1683         0    5.0000    3.6706

  Column 5

    0.0417

  156.7446

  Columns 1 through 4

    4.1683         0    1.6667    1.0083

  Column 5

    0.0417

  280.9310

  Columns 1 through 4

    2.5050   -2.0000    1.6667    3.0050

  Column 5

    0.0250

   1.2407e+03

  Columns 1 through 4

    2.5050   -2.0000    8.3333    3.0050

  Column 5

    0.0250

   1.6686e+03

  Columns 1 through 4

    4.1683   -2.0000    1.6667    1.0083

  Column 5

    0.0250

   1.2980e+03

  Columns 1 through 4

    4.1683   -2.0000    1.6667    5.0017

  Column 5

    0.0250

   31.0294

  Columns 1 through 4

    3.9835         0    5.0000    3.0050

  Column 5

    0.0417

  129.1444

  Columns 1 through 4

    4.3531         0    5.0000    3.0050

  Column 5

    0.0417

   31.1604

  Columns 1 through 4

    0.8417   -4.0000    1.6667    3.0050

  Column 5

    0.0250

   1.5085e+03

  Columns 1 through 4

    0.8417   -4.0000    8.3333    3.0050

  Column 5

    0.0250

   1.6776e+03

  Columns 1 through 4

    2.5050         0    5.0000    1.0083

  Column 5

    0.0250

   1.2787e+03

  Columns 1 through 4

    2.5050         0    5.0000    5.0017

  Column 5

    0.0250

   35.9716

  Columns 1 through 4

    4.1683   -2.0000    1.6667    5.0017

  Column 5

    0.0083

   58.9285

  Columns 1 through 4

    4.1683   -2.0000    1.6667    5.0017

  Column 5

    0.0417

   34.5395

  Columns 1 through 4

    4.1683   -0.2222    5.0000    3.0050

  Column 5

    0.0417

  220.4940

  Columns 1 through 4

    4.1683    0.2222    5.0000    3.0050

  Column 5

    0.0417

   72.6844

  Columns 1 through 4

    2.5050   -2.0000    1.6667    1.0083

  Column 5

    0.0250

   1.3649e+03

  Columns 1 through 4

    2.5050   -2.0000    1.6667    5.0017

  Column 5

    0.0250

  715.1935

  Columns 1 through 4

    2.5050         0    5.0000    5.0017

  Column 5

    0.0083

   36.7431

  Columns 1 through 4

    2.5050         0    5.0000    5.0017

  Column 5

    0.0417

   68.8975

  Columns 1 through 4

    3.6139   -2.0000    1.6667    5.0017

  Column 5

    0.0250

  113.1204

  Columns 1 through 4

    4.7228   -2.0000    1.6667    5.0017

  Column 5

    0.0250

   97.5565

  Columns 1 through 4

    4.1683         0    5.0000    3.0050

  Column 5

    0.0435

   28.4962

  Columns 1 through 4

    2.5050         0    8.3333    1.0083

  Column 5

    0.0250

   1.3739e+03

  Columns 1 through 4

    2.5050         0    8.3333    5.0017

  Column 5

    0.0250

  121.4941

  Columns 1 through 4

    3.6139   -2.0000    1.6667    5.0017

  Column 5

    0.0417

   27.1287

  Columns 1 through 4

    4.7228   -2.0000    1.6667    5.0017

  Column 5

    0.0417

  212.8322

  Columns 1 through 4

    4.1683   -2.0000    5.0000    1.0083

  Column 5

    0.0250

   1.4741e+03

  Columns 1 through 4

    4.1683   -2.0000    5.0000    5.0017

  Column 5

    0.0250

  165.3626

  Columns 1 through 4

    2.5050         0    8.3333    5.0017

  Column 5

    0.0083

  322.2044

  Columns 1 through 4

    2.5050         0    8.3333    5.0017

  Column 5

    0.0417

   71.5606

  Columns 1 through 4

    2.5050   -0.6667    5.0000    5.0017

  Column 5

    0.0250

  421.1718

  Columns 1 through 4

    2.5050    0.6667    5.0000    5.0017

  Column 5

    0.0250

   1.1602e+03

  Columns 1 through 4

    3.6139   -2.0000    1.6667    4.3361

  Column 5

    0.0417

  274.8549

  Columns 1 through 4

    3.6139   -2.0000    1.6667    5.6672

  Column 5

    0.0417

  647.0989

  Columns 1 through 4

    4.1683   -4.0000    1.6667    1.0083

  Column 5

    0.0250

   1.4252e+03

  Columns 1 through 4

    4.1683   -4.0000    1.6667    5.0017

  Column 5

    0.0250

  761.0193

  Columns 1 through 4

    4.1683   -2.0000    5.0000    5.0017

  Column 5

    0.0083

  417.4048

  Columns 1 through 4

    4.1683   -2.0000    5.0000    5.0017

  Column 5

    0.0417

  127.3509

  Columns 1 through 4

    2.5050   -0.6667    5.0000    5.0017

  Column 5

    0.0083

  792.7202

  Columns 1 through 4

    4.1683   -2.0000    1.6667    4.3361

  Column 5

    0.0250

  343.0465

  Columns 1 through 4

    4.1683   -2.0000    1.6667    5.6672

  Column 5

    0.0250

   1.2591e+03

  Columns 1 through 4

    3.6139   -2.0000    1.6667    5.0017

  Column 5

    0.0361

   69.5035

  Columns 1 through 4

    3.6139   -2.0000    1.6667    5.0017

  Column 5

    0.0472

   21.9497

  Columns 1 through 4

    2.5050   -4.0000    1.6667    1.0083

  Column 5

    0.0250

   1.4841e+03

  Columns 1 through 4

    2.5050   -4.0000    1.6667    5.0017

  Column 5

    0.0250

   1.1317e+03

  Columns 1 through 4

    4.1683         0    8.3333    3.0050

  Column 5

    0.0083

   1.0576e+03

  Columns 1 through 4

    4.1683         0    8.3333    3.0050

  Column 5

    0.0417

  249.5106

  Columns 1 through 4

    3.6139   -2.0000    1.6667    5.0017

  Column 5

    0.0083

  268.8349

  Columns 1 through 4

    4.7228   -2.0000    1.6667    5.0017

  Column 5

    0.0083

  137.5598

  Columns 1 through 4

    4.1683   -2.0000    1.6667    4.3361

  Column 5

    0.0417

  145.2274

  Columns 1 through 4

    4.1683   -2.6667    1.6667    5.0017

  Column 5

    0.0250

  149.4457

  Columns 1 through 4

    4.1683   -1.3333    1.6667    5.0017

  Column 5

    0.0250

  367.4960

  Columns 1 through 4

    3.6139   -2.6667    1.6667    5.0017

  Column 5

    0.0472

  123.9468

  Columns 1 through 4

    3.6139   -1.3333    1.6667    5.0017

  Column 5

    0.0472

  181.1602

  Columns 1 through 4

    0.8417   -2.0000    1.6667    1.0083

  Column 5

    0.0250

   1.4938e+03

  Columns 1 through 4

    0.8417   -2.0000    1.6667    5.0017

  Column 5

    0.0250

   1.1115e+03

  Columns 1 through 4

    4.1683         0    1.6667    3.0050

  Column 5

    0.0083

  615.1256

  Columns 1 through 4

    2.5050   -0.6667    5.0000    5.0017

  Column 5

    0.0417

  186.5589

  Columns 1 through 4

    2.5050         0    5.0000    4.3361

  Column 5

    0.0250

  247.8578

  Columns 1 through 4

    2.5050         0    5.0000    5.6672

  Column 5

    0.0250

   1.4915e+03

  Columns 1 through 4

    4.1683   -2.0000    1.6667    5.0017

  Column 5

    0.0361

   37.2389

  Columns 1 through 4

    4.1683   -2.0000    1.6667    5.0017

  Column 5

    0.0472

   76.1191

  Columns 1 through 4

    3.6139   -2.6667    1.6667    5.0017

  Column 5

    0.0417

  186.3517

  Columns 1 through 4

    3.6139   -1.3333    1.6667    5.0017

  Column 5

    0.0417

  203.2060

  Columns 1 through 4

    3.6139   -2.0000    0.5556    5.0017

  Column 5

    0.0472

  214.4988

  Columns 1 through 4

    3.6139   -2.0000    2.7778    5.0017

  Column 5

    0.0472

  116.7878

  Columns 1 through 4

    0.8417   -4.0000    1.6667    1.0083

  Column 5

    0.0250

   1.5157e+03

  Columns 1 through 4

    0.8417   -4.0000    1.6667    5.0017

  Column 5

    0.0250

   1.1475e+03

  Columns 1 through 4

    4.1683         0    5.0000    1.0083

  Column 5

    0.0083

   1.0184e+03

  Columns 1 through 4

    4.1683         0    5.0000    1.0083

  Column 5

    0.0417

  240.1851

  Columns 1 through 4

    2.5050   -0.6667    8.3333    5.0017

  Column 5

    0.0417

  511.7617

  Columns 1 through 4

    2.5050    0.6667    8.3333    5.0017

  Column 5

    0.0417

  368.4630

  Columns 1 through 4

    2.5050         0    5.0000    4.3361

  Column 5

    0.0083

  489.3478

  Columns 1 through 4

    1.9506         0    5.0000    5.0017

  Column 5

    0.0250

  451.8830

  Columns 1 through 4

    3.0594         0    5.0000    5.0017

  Column 5

    0.0250

  383.7488

  Columns 1 through 4

    4.1683   -2.0000    0.5556    5.0017

  Column 5

    0.0250

  227.4174

  Columns 1 through 4

    4.1683   -2.0000    2.7778    5.0017

  Column 5

    0.0250

   36.4165

  Columns 1 through 4

    3.6139   -2.0000    0.5556    5.0017

  Column 5

    0.0417

  172.6546

  Columns 1 through 4

    3.6139   -2.0000    2.7778    5.0017

  Column 5

    0.0417

  110.9629

  Columns 1 through 4

    3.6139   -2.0000    1.6667    4.7798

  Column 5

    0.0472

   36.0915

  Columns 1 through 4

    3.6139   -2.0000    1.6667    5.2235

  Column 5

    0.0472

   88.9646

  Columns 1 through 4

    4.1683         0    1.6667    3.0050

  Column 5

    0.0417

  714.7520

  Columns 1 through 4

    4.1683   -2.0000    8.3333    1.0083

  Column 5

    0.0250

   1.5666e+03

  Columns 1 through 4

    4.1683   -2.0000    8.3333    5.0017

  Column 5

    0.0250

  520.4778

  Columns 1 through 4

    3.6139         0    1.6667    3.0050

  Column 5

    0.0417

   54.8698

  Columns 1 through 4

    4.7228         0    1.6667    3.0050

  Column 5

    0.0417

   1.6705e+03

  Columns 1 through 4

    1.9506         0    5.0000    5.0017

  Column 5

    0.0083

  783.7487

  Columns 1 through 4

    3.0594         0    5.0000    5.0017

  Column 5

    0.0083

  281.6375

  Columns 1 through 4

    4.1683   -2.6667    1.6667    5.0017

  Column 5

    0.0417

   68.2089

  Columns 1 through 4

    4.1683   -1.3333    1.6667    5.0017

  Column 5

    0.0417

  497.0861

  Columns 1 through 4

    4.1683   -2.0000    1.6667    5.0017

  Column 5

    0.0194

   41.5966

  Columns 1 through 4

    3.6139   -2.0000    1.6667    4.7798

  Column 5

    0.0417

   92.7582

  Columns 1 through 4

    3.6139   -2.0000    1.6667    5.2235

  Column 5

    0.0417

   39.9856

  Columns 1 through 4

    3.6139   -2.0000    1.6667    5.0017

  Column 5

    0.0454

   22.5912

  Columns 1 through 4

    3.6139   -2.0000    1.6667    5.0017

  Column 5

    0.0491

   22.3532

  Columns 1 through 4

    4.1683   -2.0000    1.6667    5.0017

  Column 5

    0.0306

   35.5823

  Columns 1 through 4

    0.8417         0    5.0000    1.0083

  Column 5

    0.0250

   1.5843e+03

  Columns 1 through 4

    0.8417         0    5.0000    5.0017

  Column 5

    0.0250

   1.2668e+03

  Columns 1 through 4

    4.1683   -2.0000    8.3333    5.0017

  Column 5

    0.0083

  850.4446

  Columns 1 through 4

    4.1683   -2.0000    8.3333    5.0017

  Column 5

    0.0417

  278.0486

  Columns 1 through 4

    2.5050   -0.6667    8.3333    5.0017

  Column 5

    0.0250

  927.2899

  Columns 1 through 4

    2.5050    0.6667    8.3333    5.0017

  Column 5

    0.0250

  227.3584

  Columns 1 through 4

    3.6139   -0.6667    1.6667    3.0050

  Column 5

    0.0417

  254.6889

  Columns 1 through 4

    3.6139    0.6667    1.6667    3.0050

  Column 5

    0.0417

   2.9408e+03

  Columns 1 through 4

    4.7228         0    6.1111    2.3394

  Column 5

    0.0083

  359.6831

  Columns 1 through 4

    4.7228         0    6.1111    3.6706

  Column 5

    0.0083

  244.1265

  Columns 1 through 4

    4.1683         0    5.0000    2.3394

  Column 5

    0.0472

  163.5757

  Columns 1 through 4

    4.1683         0    5.0000    3.6706

  Column 5

    0.0472

  226.9179

  Columns 1 through 4

    3.9835   -2.0000    1.6667    5.0017

  Column 5

    0.0306

   33.4640

  Columns 1 through 4

    4.3531   -2.0000    1.6667    5.0017

  Column 5

    0.0306

   73.1810

  Columns 1 through 4

    3.6139   -2.0000    1.2963    5.0017

  Column 5

    0.0472

   44.4952

  Columns 1 through 4

    3.6139   -2.0000    2.0370    5.0017

  Column 5

    0.0472

   29.9836

  Columns 1 through 4

    0.8417   -2.0000    5.0000    1.0083

  Column 5

    0.0250

   1.6145e+03

  Columns 1 through 4

    0.8417   -2.0000    5.0000    5.0017

  Column 5

    0.0250

   1.2780e+03

  Columns 1 through 4

    2.5050   -2.0000    1.6667    5.0017

  Column 5

    0.0083

   1.1659e+03

  Columns 1 through 4

    2.5050   -2.0000    1.6667    5.0017

  Column 5

    0.0417

  297.3023

  Columns 1 through 4

    3.6139   -2.0000    5.0000    5.0017

  Column 5

    0.0417

  302.6863

  Columns 1 through 4

    4.7228   -2.0000    5.0000    5.0017

  Column 5

    0.0417

   25.6594

  Columns 1 through 4

    4.1683   -2.0000    1.6667    4.7798

  Column 5

    0.0306

   30.9061

  Columns 1 through 4

    4.1683   -2.0000    1.6667    5.2235

  Column 5

    0.0306

  191.9414

  Columns 1 through 4

    3.6139   -2.0000    1.2963    5.0017

  Column 5

    0.0491

   26.8567

  Columns 1 through 4

    3.6139   -2.0000    2.0370    5.0017

  Column 5

    0.0491

   44.3663

  Columns 1 through 4

    3.4291   -2.0000    1.6667    5.0017

  Column 5

    0.0472

   33.9736

  Columns 1 through 4

    3.7987   -2.0000    1.6667    5.0017

  Column 5

    0.0472

   37.4935

  Columns 1 through 4

    4.1683   -4.0000    5.0000    1.0083

  Column 5

    0.0250

   1.6237e+03

  Columns 1 through 4

    4.1683   -4.0000    5.0000    5.0017

  Column 5

    0.0250

   1.1987e+03

  Columns 1 through 4

    4.1683   -4.0000    1.6667    5.0017

  Column 5

    0.0083

   1.4670e+03

  Columns 1 through 4

    4.1683   -4.0000    1.6667    5.0017

  Column 5

    0.0417

  457.5663

  Columns 1 through 4

    3.6139   -2.0000    5.0000    5.0017

  Column 5

    0.0250

  558.4017

  Columns 1 through 4

    4.7228   -2.0000    5.0000    5.0017

  Column 5

    0.0250

   37.4947

  Columns 1 through 4

    4.7228   -2.0000    5.0000    4.3361

  Column 5

    0.0417

  289.8803

  Columns 1 through 4

    4.7228   -2.0000    5.0000    5.6672

  Column 5

    0.0417

   1.3232e+03

  Columns 1 through 4

    3.6139   -2.0000    2.0370    5.0017

  Column 5

    0.0454

   31.1654

  Columns 1 through 4

    3.4291   -2.0000    1.6667    5.0017

  Column 5

    0.0491

   32.7166

  Columns 1 through 4

    3.7987   -2.0000    1.6667    5.0017

  Column 5

    0.0491

   22.9617

  Columns 1 through 4

    3.6139   -2.2222    1.6667    5.0017

  Column 5

    0.0472

   68.7790

  Columns 1 through 4

    3.6139   -1.7778    1.6667    5.0017

  Column 5

    0.0472

   43.0755

  Columns 1 through 4

    2.5050   -2.0000    5.0000    1.0083

  Column 5

    0.0250

   1.6241e+03

  Columns 1 through 4

    2.5050   -2.0000    5.0000    5.0017

  Column 5

    0.0250

   1.2810e+03

  Columns 1 through 4

    2.5050         0    1.6667    5.0017

  Column 5

    0.0083

  716.7252

  Columns 1 through 4

    3.6139         0    1.6667    1.0083

  Column 5

    0.0417

  100.9100

  Columns 1 through 4

    4.7228         0    1.6667    1.0083

  Column 5

    0.0417

   1.6755e+03

  Columns 1 through 4

    4.7228   -2.0000    5.0000    4.3361

  Column 5

    0.0250

  505.8669

  Columns 1 through 4

    4.7228   -2.0000    5.0000    5.0017

  Column 5

    0.0361

   28.6049

  Columns 1 through 4

    4.7228   -2.0000    5.0000    5.0017

  Column 5

    0.0472

   30.9686

  Columns 1 through 4

    3.6139   -2.2222    1.6667    5.0017

  Column 5

    0.0491

   51.5947

  Columns 1 through 4

    3.6139   -1.7778    1.6667    5.0017

  Column 5

    0.0491

   35.9513

  Columns 1 through 4

    3.6139   -2.0741    1.6667    5.0017

  Column 5

    0.0472

   25.0005

  Columns 1 through 4

    3.6139   -1.9259    1.6667    5.0017

  Column 5

    0.0472

   22.3900

  Columns 1 through 4

    2.5050   -2.0000    5.0000    3.0050

  Column 5

    0.0250

  Columns 1 through 4

    2.5050   -2.0000    5.0000    3.0050

  Column 5

    0.0250

    2.5050   -2.0000    5.0000    3.0050    0.0250

   2.1781e+03

    0.8417   -2.0000    5.0000    3.0050    0.0250

   2.2192e+03

    4.1683   -2.0000    5.0000    3.0050    0.0250

   1.5771e+03

    4.1683   -4.0000    5.0000    3.0050    0.0250

   2.1897e+03

    4.1683         0    5.0000    3.0050    0.0250

  314.9436

    2.5050         0    5.0000    3.0050    0.0250

   1.0736e+03

    4.1683         0    1.6667    3.0050    0.0250

   1.1879e+03

    4.1683         0    8.3333    3.0050    0.0250

  611.7743

    2.5050         0    1.6667    3.0050    0.0250

  478.8597

    2.5050         0    8.3333    3.0050    0.0250

   1.4613e+03

    4.1683         0    5.0000    1.0083    0.0250

  743.3765

    4.1683         0    5.0000    5.0017    0.0250

   2.5644e+03

    0.8417         0    5.0000    3.0050    0.0250

   2.1784e+03

    0.8417         0    1.6667    3.0050    0.0250

   1.5984e+03

    2.5050         0    1.6667    1.0083    0.0250

  957.4524

    2.5050         0    1.6667    5.0017    0.0250

  718.9522

    4.1683         0    5.0000    3.0050    0.0083

  388.6384

    4.1683         0    5.0000    3.0050    0.0417

  235.7293

    0.8417   -4.0000    5.0000    3.0050    0.0250

   2.2029e+03

    0.8417   -4.0000    1.6667    3.0050    0.0250

   2.0934e+03

    0.8417   -4.0000    8.3333    3.0050    0.0250

   2.2607e+03

    4.7228         0    5.0000    3.0050    0.0417

  670.9199

    2.5050   -4.0000    5.0000    3.0050    0.0250

   2.2084e+03

    0.8417         0    5.0000    1.0083    0.0250

   2.2075e+03

    3.6139         0    5.0000    3.0050    0.0250

  447.5537

    4.1683    0.6667    5.0000    3.0050    0.0417

   2.6627e+03

    2.5050   -4.0000    1.6667    3.0050    0.0250

   2.0689e+03

    3.6139         0    5.0000    3.0050    0.0417

  291.5044

    4.1683   -2.0000    1.6667    3.0050    0.0250

   1.2529e+03

    4.1683   -2.0000    8.3333    3.0050    0.0250

   1.8772e+03

    2.5050   -4.0000    1.6667    1.0083    0.0250

   2.1037e+03

    2.5050   -4.0000    1.6667    5.0017    0.0250

   1.6153e+03

    3.6139   -0.6667    5.0000    3.0050    0.0417

  649.2454

    3.6139    0.6667    5.0000    3.0050    0.0417

  957.1272

    4.1683         0    5.0000    3.0050    0.0472

  290.4658

    2.5050   -4.0000    8.3333    3.0050    0.0250

   2.2311e+03

    2.5050   -2.0000    1.6667    3.0050    0.0250

   1.9027e+03

    2.5050   -2.0000    8.3333    3.0050    0.0250

   2.2713e+03

    2.5050   -4.0000    8.3333    1.0083    0.0250

   2.2721e+03

    2.5050   -4.0000    8.3333    5.0017    0.0250

   1.8028e+03

    4.1683   -0.6667    5.0000    3.0050    0.0250

  836.3358

    3.6139         0    5.0000    3.0050    0.0361

  332.7558

    3.6139         0    5.0000    3.0050    0.0472

  244.8152

    4.1683         0    3.8889    3.0050    0.0417

  429.7746

    4.1683         0    6.1111    3.0050    0.0417

  237.1524

    4.1683   -4.0000    1.6667    3.0050    0.0250

   1.9184e+03

    4.1683   -4.0000    8.3333    3.0050    0.0250

   2.2460e+03

    4.1683         0    8.3333    1.0083    0.0250

  958.1363

    4.1683         0    8.3333    5.0017    0.0250

   1.3802e+03

    2.5050         0    1.6667    3.0050    0.0083

  951.7033

    2.5050         0    1.6667    3.0050    0.0417

  262.4363

    3.6139         0    3.8889    3.0050    0.0472

  133.0141

    3.6139         0    6.1111    3.0050    0.0472

  273.1243

    0.8417         0    8.3333    3.0050    0.0250

   2.2747e+03

    4.1683         0    5.0000    3.0050    0.0361

  230.6829

    0.8417   -2.0000    1.6667    3.0050    0.0250

   2.0689e+03

    0.8417   -2.0000    8.3333    3.0050    0.0250

   2.2481e+03

    0.8417         0    8.3333    1.0083    0.0250

   2.2484e+03

    0.8417         0    8.3333    5.0017    0.0250

   1.7863e+03

    2.5050   -0.6667    1.6667    3.0050    0.0417

  548.9616

    2.5050    0.6667    1.6667    3.0050    0.0417

  727.5373

    4.1683         0    3.8889    3.0050    0.0361

  426.4848

    4.1683         0    6.1111    3.0050    0.0361

  277.3633

    3.6139         0    3.8889    2.3394    0.0472

  349.5650

    3.6139         0    3.8889    3.6706    0.0472

   59.3576

    0.8417   -4.0000    5.0000    1.0083    0.0250

   2.2231e+03

    0.8417   -4.0000    5.0000    5.0017    0.0250

   1.7367e+03

    1.9506   -4.0000    1.6667    3.0050    0.0250

   2.1008e+03

    3.0594   -4.0000    1.6667    3.0050    0.0250

   2.0712e+03

    4.1683         0    5.0000    2.3394    0.0417

  514.6064

    4.1683         0    5.0000    3.6706    0.0417

  254.3943

    3.6139   -0.2222    3.8889    3.6706    0.0472

   32.4412

    3.6139    0.2222    3.8889    3.6706    0.0472

  288.0949

    2.5050         0    1.6667    3.0050    0.0472

  180.1072

    2.5050         0    5.0000    1.0083    0.0250

   1.2391e+03

    2.5050         0    5.0000    5.0017    0.0250

  112.7053

    1.9506         0    1.6667    3.0050    0.0472

  243.5373

    3.0594         0    1.6667    3.0050    0.0472

  177.2579

    3.6139   -0.2222    3.8889    3.4487    0.0472

   65.7422

    3.6139   -0.2222    3.8889    3.8924    0.0472

   23.4734

    4.1683         0    1.6667    1.0083    0.0250

   1.3577e+03

    4.1683         0    1.6667    5.0017    0.0250

   4.1517e+03

    2.5050         0    5.0000    5.0017    0.0083

  118.1516

    2.5050         0    5.0000    5.0017    0.0417

  117.3770

    2.5050         0    0.5556    3.0050    0.0472

  359.4435

    2.5050         0    2.7778    3.0050    0.0472

  315.9337

    3.6139         0    3.8889    3.4487    0.0472

   77.4869

    3.6139         0    3.8889    3.8924    0.0472

  237.1928

    3.6139   -0.2222    3.8889    3.8924    0.0454

   13.9021

    4.1683   -2.0000    1.6667    1.0083    0.0250

   1.4057e+03

    4.1683   -2.0000    1.6667    5.0017    0.0250

  120.3778

    2.5050   -0.6667    5.0000    5.0017    0.0250

  813.7212

    2.5050    0.6667    5.0000    5.0017    0.0250

  995.0118

    2.5050         0    1.6667    2.3394    0.0472

  353.7569

    2.5050         0    1.6667    3.6706    0.0472

   62.3734

    3.6139   -0.2222    3.8889    3.6706    0.0454

   37.9438

    3.6139   -0.2222    3.5185    3.8924    0.0454

   22.8062

    3.6139   -0.2222    4.2593    3.8924    0.0454

   12.5947

    3.6139   -0.2222    3.8889    3.6706    0.0491

   40.5616

    2.5050   -4.0000    5.0000    1.0083    0.0250

   2.2342e+03

    2.5050   -4.0000    5.0000    5.0017    0.0250

   1.7280e+03

    4.1683   -2.0000    1.6667    5.0017    0.0083

  157.3902

    4.1683   -2.0000    1.6667    5.0017    0.0417

  121.3297

    2.5050   -0.6667    5.0000    5.0017    0.0417

  719.0814

    2.5050    0.6667    5.0000    5.0017    0.0417

   1.1220e+03

    2.5050         0    5.0000    4.3361    0.0250

  352.7180

    2.5050         0    5.0000    5.6672    0.0250

   1.5053e+03

    2.5050   -0.2222    1.6667    3.6706    0.0472

  104.4310

    2.5050    0.2222    1.6667    3.6706    0.0472

  109.0344

    3.6139         0    3.8889    3.6706    0.0454

   97.2480

    3.6139         0    3.8889    3.6706    0.0491

   95.3763

    3.6139   -0.2222    3.5185    3.6706    0.0491

   24.7491

    3.6139   -0.2222    4.2593    3.6706    0.0491

   41.6236

    3.4291   -0.2222    4.2593    3.8924    0.0454

   24.8122

    3.7987   -0.2222    4.2593    3.8924    0.0454

   27.3646

    3.6139   -0.2222    3.8889    3.8924    0.0491

   14.1760

    2.5050         0    8.3333    1.0083    0.0250

   1.5222e+03

    2.5050         0    8.3333    5.0017    0.0250

  385.4943

    2.5050         0    5.0000    4.3361    0.0417

  196.9737

    1.9506         0    5.0000    5.0017    0.0250

  891.6373

    3.0594         0    5.0000    5.0017    0.0250

  387.8764

    2.5050   -0.2222    1.6667    3.0050    0.0472

  271.1916

    2.5050    0.2222    1.6667    3.0050    0.0472

  142.1378

    2.5050         0    1.6667    3.4487    0.0472

   73.2826

    2.5050         0    1.6667    3.8924    0.0472

   45.6714

    3.6139   -0.2222    3.5185    3.8924    0.0491

   35.1419

    3.6139   -0.2222    4.2593    3.8924    0.0491

   14.6316

    3.4291   -0.2222    3.8889    3.8924    0.0454

   17.2669

    3.7987   -0.2222    3.8889    3.8924    0.0454

   49.7298

    3.6139   -0.2963    4.2593    3.8924    0.0454

   26.6118

    3.6139   -0.1481    4.2593    3.8924    0.0454

   17.4575

    4.1683   -2.0000    5.0000    1.0083    0.0250

   1.6229e+03

    4.1683   -2.0000    5.0000    5.0017    0.0250

  349.9024

    2.5050         0    5.0000    5.0017    0.0472

  138.5795

    2.5050         0    3.8889    5.0017    0.0250

  175.7497

    2.5050         0    6.1111    5.0017    0.0250

  122.6136

    2.5050         0    1.6667    3.8924    0.0454

   57.4026

    3.6139   -0.2222    4.2593    3.8924    0.0472

   14.9250

    3.4291   -0.2222    3.8889    3.6706    0.0491

   77.6996

    3.7987   -0.2222    3.8889    3.6706    0.0491

   27.4989

    3.6139   -0.2963    3.8889    3.8924    0.0454

   15.1027

    3.6139   -0.1481    3.8889    3.8924    0.0454

   52.9428

    3.6139   -0.2222    4.2593    3.8924    0.0448

   15.0697

    3.6139   -0.2222    4.2593    3.8924    0.0460

   12.8002

    2.5050         0    5.0000    5.0017    0.0361

  123.0124

    2.5050         0    1.6667    3.8924    0.0491

   48.9073

    0.8417         0    1.6667    1.0083    0.0250

   1.7108e+03

    0.8417         0    1.6667    5.0017    0.0250

   1.1986e+03

    4.1683   -2.0000    5.0000    5.0017    0.0083

  550.6203

    4.1683   -2.0000    5.0000    5.0017    0.0417

  286.4233

    3.6139   -2.0000    1.6667    5.0017    0.0250

  285.8447

    4.7228   -2.0000    1.6667    5.0017    0.0250

  199.6672

    2.5050         0    5.0000    4.3361    0.0083

  588.3302

    2.5050         0    5.0000    5.6672    0.0083

   1.5239e+03

    1.9506         0    5.0000    5.0017    0.0361

  714.3427

    3.0594         0    5.0000    5.0017    0.0361

  456.9900

    2.5050         0    1.2963    3.8924    0.0491

  101.8665

    2.5050         0    2.0370    3.8924    0.0491

   49.7313

    3.4291   -0.2222    4.2593    3.8924    0.0491

   21.3780

    3.7987   -0.2222    4.2593    3.8924    0.0491

   32.7314

    3.6139   -0.2963    3.8889    3.6706    0.0491

   36.2909

    3.6139   -0.1481    3.8889    3.6706    0.0491

   26.1239

    3.6139   -0.2222    3.8889    3.8924    0.0448

   17.3107

    3.6139   -0.2222    4.1358    3.8924    0.0454

   15.7095

    3.6139   -0.2222    4.3827    3.8924    0.0454

   16.4441

    4.1683   -2.0000    8.3333    1.0083    0.0250

   1.8692e+03

    4.1683   -2.0000    8.3333    5.0017    0.0250

  772.9337

    2.5050         0    8.3333    5.0017    0.0083

  443.9218

    2.5050         0    8.3333    5.0017    0.0417

  341.4231

    3.6139   -2.0000    1.6667    5.0017    0.0417

  194.1797

    4.7228   -2.0000    1.6667    5.0017    0.0417

  267.6509

    4.1683   -2.0000    1.6667    4.3361    0.0250

  359.1918

    4.1683   -2.0000    1.6667    5.6672    0.0250

   1.5509e+03

    1.9506         0    5.0000    5.0017    0.0083

   1.2515e+03

    3.0594         0    5.0000    5.0017    0.0083

  314.2880

    1.9506         0    5.0000    5.0017    0.0417

  490.4042

    3.0594         0    5.0000    5.0017    0.0417

  619.5133

    2.5050         0    3.8889    5.0017    0.0361

  218.4280

    2.5050         0    6.1111    5.0017    0.0361

  123.7395

    3.6139   -0.2222    3.5185    3.6706    0.0472

   25.5485

    3.6139   -0.2222    4.2593    3.6706    0.0472

   48.8432

    3.4291   -0.2222    4.2593    3.8924    0.0472

   22.0597

    3.7987   -0.2222    4.2593    3.8924    0.0472

   19.5911

    3.6139   -0.2963    4.2593    3.8924    0.0491

   22.5338

    3.6139   -0.1481    4.2593    3.8924    0.0491

   17.9167

    3.6139   -0.2222    3.8889    3.5966    0.0491

   34.8677

    3.6139   -0.2222    3.8889    3.7445    0.0491

   22.8474

    3.6139   -0.2222    4.1358    3.8924    0.0460

   19.4364

    3.6139   -0.2222    4.3827    3.8924    0.0460

   13.6253

    3.5523   -0.2222    4.2593    3.8924    0.0454

   17.4295

    3.6755   -0.2222    4.2593    3.8924    0.0454

   14.8090

    3.6139   -0.2222    3.8889    3.8924    0.0460

   17.5299

    2.5050   -2.0000    1.6667    1.0083    0.0250

   1.9323e+03

    2.5050   -2.0000    1.6667    5.0017    0.0250

   1.0395e+03

    2.5050   -4.0000    8.3333    3.0050    0.0083

   4.0349e+03

    2.5050   -4.0000    8.3333    3.0050    0.0417

   1.5190e+03

    3.6139   -2.0000    1.6667    5.0017    0.0083

  405.1054

    4.7228   -2.0000    1.6667    5.0017    0.0083

  149.6378

    4.1683   -2.0000    1.6667    4.3361    0.0417

  213.0929

    4.1683   -2.0000    1.6667    5.6672    0.0417

   1.7638e+03

    4.1683   -2.6667    1.6667    5.0017    0.0250

  351.6841

    4.1683   -1.3333    1.6667    5.0017    0.0250

  444.3690

    2.5050         0    3.8889    5.0017    0.0083

  203.7994

    2.5050         0    6.1111    5.0017    0.0083

  212.0632

    2.5050         0    5.0000    5.0017    0.0194

  100.0390

    2.5050         0    5.0000    5.0017    0.0306

  135.3447

    2.5050   -0.2222    5.0000    5.0017    0.0361

  165.0874

    2.5050    0.2222    5.0000    5.0017    0.0361

  255.8051

    3.4291   -0.2222    3.8889    3.8924    0.0491

   18.7440

    3.7987   -0.2222    3.8889    3.8924    0.0491

   29.2013

    3.6139   -0.2963    4.2593    3.8924    0.0472

   22.6666

    3.6139   -0.1481    4.2593    3.8924    0.0472

   27.9746

    3.6139   -0.2222    4.2593    3.8924    0.0485

   15.0358

    3.6139   -0.2222    4.2593    3.8924    0.0497

   14.2988

    3.5523   -0.2222    3.8889    3.8924    0.0460

   13.1014

    3.6755   -0.2222    3.8889    3.8924    0.0460

   29.4915

    3.5523   -0.2222    4.2593    3.8924    0.0460

   10.7305

    3.6755   -0.2222    4.2593    3.8924    0.0460

   15.0632

