         0         0    2.5000    5.0500

    1.5880

   -3.3333         0    2.5000    5.0500

    1.6138

    3.3333         0    2.5000    5.0500

         0         0    2.5000    5.0500

         0         0    2.5000    5.0500

         0         0    2.5000    5.0500

    1.6006

   -3.3333         0    2.5000    5.0500

    1.6111

    3.3333         0    2.5000    5.0500

    5.3118

         0   -3.3333    2.5000    5.0500

    1.5977

         0    3.3333    2.5000    5.0500

    1.5980

   -3.3333   -3.3333    2.5000    5.0500

    1.6005

   -3.3333    3.3333    2.5000    5.0500

    1.6708

         0   -3.3333    0.8333    5.0500

    1.5264

         0   -3.3333    4.1667    5.0500

    1.6186

    3.3333   -3.3333    2.5000    5.0500

    1.4702

    3.3333   -3.3333    0.8333    5.0500

    1.0598

    3.3333   -3.3333    4.1667    5.0500

    1.5666

         0    3.3333    0.8333    5.0500

    1.5362

         0    3.3333    4.1667    5.0500

    1.6203

    3.3333   -3.3333    0.8333    1.7500

    1.4831

    3.3333   -3.3333    0.8333    8.3500

    3.3333   -3.3333    0.8333    8.3500

    3.3333   -3.3333    0.8333    3.0000

    3.3333   -3.3333    0.8333    5.0000

    1.1245

         0         0    2.5000    2.5500

    1.7390

   -3.3333         0    2.5000    2.5500

    1.7732

    3.3333         0    2.5000    2.5500

    3.0060

         0   -3.3333    2.5000    2.5500

    1.7396

         0    3.3333    2.5000    2.5500

    1.7363

   -3.3333   -3.3333    2.5000    2.5500

    1.7389

   -3.3333    3.3333    2.5000    2.5500

    1.8102

         0    3.3333    0.8333    2.5500

    1.6681

         0    3.3333    4.1667    2.5500

    1.7581

    3.3333   -3.3333    2.5000    2.5500

    1.6711

    3.3333    3.3333    2.5000    2.5500

    6.6246

         0    3.3333    0.8333    0.9167

    1.6600

         0    3.3333    0.8333    4.1833

    1.6556

    3.3333   -3.3333    0.8333    2.5500

    1.5085

    3.3333   -3.3333    4.1667    2.5500

    1.7383

   -3.3333   -3.3333    0.8333    2.5500

    1.6778

   -3.3333   -3.3333    4.1667    2.5500

    1.7589

    3.3333   -3.3333    0.8333    0.9167

    1.4812

    3.3333   -3.3333    0.8333    4.1833

    1.4470

         0         0    0.8333    2.5500

    1.6595

         0         0    4.1667    2.5500

    1.7582

    2.2222   -3.3333    0.8333    4.1833

    1.6239

    4.4444   -3.3333    0.8333    4.1833

    1.0999

         0   -3.3333    0.8333    2.5500

    1.6614

         0   -3.3333    4.1667    2.5500

    1.7685

         0         0    0.8333    0.9167

    1.6573

         0         0    0.8333    4.1833

    1.6589

    2.2222   -3.3333    0.8333    0.9167

    1.6155

    4.4444   -3.3333    0.8333    0.9167

    1.2934

    4.4444   -3.3333    0.8333    3.6389

    1.2318

    4.4444   -3.3333    0.8333    4.7278

    0.6848

   -3.3333         0    0.8333    2.5500

    1.7350

         0   -3.3333    0.8333    0.9167

    1.6694

         0   -3.3333    0.8333    4.1833

    1.6603

    4.4444   -4.4444    0.8333    0.9167

    1.5173

    4.4444   -2.2222    0.8333    0.9167

    1.5242

    4.4444   -4.4444    0.8333    4.7278

    1.3101

    4.4444   -2.2222    0.8333    4.7278

    1.1554

   -3.3333         0    4.1667    2.5500

    1.7854

   -3.3333    3.3333    0.8333    2.5500

    1.8120

   -3.3333    3.3333    4.1667    2.5500

    1.8124

   -3.3333         0    4.1667    0.9167

    1.7827

   -3.3333         0    4.1667    4.1833

    1.7684

    4.4444   -3.3333    0.2778    4.7278

    0.6223

    4.4444   -3.3333    1.3889    4.7278

    0.9560

    3.3333   -3.3333    2.5000    0.9167

    1.6691

    4.0741   -3.3333    0.2778    4.7278

    0.5890

    4.8148   -3.3333    0.2778    4.7278

    0.8035

    3.3333         0    4.1667    2.5500

    0.7201

    3.3333   -3.3333    2.5000    4.1833

    1.6658

    3.3333         0    4.1667    0.9167

    0.9941

    3.3333         0    4.1667    4.1833

    1.8027

   -4.4444         0    4.1667    2.5500

    1.7805

    4.0741   -3.3333    0.8333    4.7278

    0.8888

    4.8148   -3.3333    0.8333    4.7278

    0.4446

    3.3333         0    0.8333    2.5500

    6.2337

    4.4444   -3.3333    2.5000    4.1833

    1.4661

   -3.3333   -1.1111    4.1667    2.5500

    1.7735

    4.8148   -3.3333    0.8333    4.9093

    0.2145

    2.2222   -3.3333    2.5000    4.1833

    1.7317

    2.2222         0    4.1667    2.5500

    1.2877

    4.4444         0    4.1667    2.5500

    4.6799

    4.8148   -3.7037    0.8333    4.9093

    0.5739

    4.8148   -2.9630    0.8333    4.9093

    0.5720

    3.3333    3.3333    0.8333    2.5500

    6.6244

    3.3333    3.3333    4.1667    2.5500

         0         0    2.5000    3.0500

